{"/Users/joanneng/Desktop/it_project/COMP30022-frontend/src/apis/contactsApi.js": {"path":"/Users/joanneng/Desktop/it_project/COMP30022-frontend/src/apis/contactsApi.js","statementMap":{"0":{"start":{"line":6,"column":24},"end":{"line":19,"column":5}},"1":{"start":{"line":7,"column":21},"end":{"line":7,"column":35}},"2":{"start":{"line":8,"column":8},"end":{"line":8,"column":40}},"3":{"start":{"line":9,"column":31},"end":{"line":16,"column":9}},"4":{"start":{"line":17,"column":25},"end":{"line":17,"column":57}},"5":{"start":{"line":18,"column":8},"end":{"line":18,"column":31}},"6":{"start":{"line":21,"column":24},"end":{"line":33,"column":5}},"7":{"start":{"line":22,"column":31},"end":{"line":30,"column":9}},"8":{"start":{"line":31,"column":25},"end":{"line":31,"column":57}},"9":{"start":{"line":32,"column":8},"end":{"line":32,"column":31}},"10":{"start":{"line":35,"column":25},"end":{"line":55,"column":5}},"11":{"start":{"line":36,"column":31},"end":{"line":52,"column":9}},"12":{"start":{"line":53,"column":25},"end":{"line":53,"column":57}},"13":{"start":{"line":54,"column":8},"end":{"line":54,"column":31}},"14":{"start":{"line":57,"column":27},"end":{"line":70,"column":5}},"15":{"start":{"line":58,"column":31},"end":{"line":66,"column":9}},"16":{"start":{"line":67,"column":25},"end":{"line":67,"column":57}},"17":{"start":{"line":68,"column":8},"end":{"line":68,"column":44}},"18":{"start":{"line":69,"column":8},"end":{"line":69,"column":31}},"19":{"start":{"line":75,"column":4},"end":{"line":75,"column":63}},"20":{"start":{"line":75,"column":53},"end":{"line":75,"column":61}},"21":{"start":{"line":79,"column":34},"end":{"line":79,"column":48}},"22":{"start":{"line":80,"column":30},"end":{"line":80,"column":42}},"23":{"start":{"line":81,"column":30},"end":{"line":81,"column":44}},"24":{"start":{"line":83,"column":4},"end":{"line":93,"column":11}},"25":{"start":{"line":84,"column":8},"end":{"line":92,"column":15}},"26":{"start":{"line":86,"column":16},"end":{"line":86,"column":32}},"27":{"start":{"line":87,"column":16},"end":{"line":87,"column":34}},"28":{"start":{"line":90,"column":16},"end":{"line":90,"column":28}},"29":{"start":{"line":91,"column":16},"end":{"line":91,"column":34}},"30":{"start":{"line":95,"column":4},"end":{"line":99,"column":6}}},"fnMap":{"0":{"name":"(anonymous_0)","decl":{"start":{"line":6,"column":24},"end":{"line":6,"column":25}},"loc":{"start":{"line":6,"column":48},"end":{"line":19,"column":5}},"line":6},"1":{"name":"(anonymous_1)","decl":{"start":{"line":21,"column":24},"end":{"line":21,"column":25}},"loc":{"start":{"line":21,"column":39},"end":{"line":33,"column":5}},"line":21},"2":{"name":"(anonymous_2)","decl":{"start":{"line":35,"column":25},"end":{"line":35,"column":26}},"loc":{"start":{"line":35,"column":49},"end":{"line":55,"column":5}},"line":35},"3":{"name":"(anonymous_3)","decl":{"start":{"line":57,"column":27},"end":{"line":57,"column":28}},"loc":{"start":{"line":57,"column":42},"end":{"line":70,"column":5}},"line":57},"4":{"name":"getContacts","decl":{"start":{"line":74,"column":22},"end":{"line":74,"column":33}},"loc":{"start":{"line":74,"column":36},"end":{"line":76,"column":1}},"line":74},"5":{"name":"(anonymous_5)","decl":{"start":{"line":75,"column":44},"end":{"line":75,"column":45}},"loc":{"start":{"line":75,"column":53},"end":{"line":75,"column":61}},"line":75},"6":{"name":"useContacts","decl":{"start":{"line":78,"column":16},"end":{"line":78,"column":27}},"loc":{"start":{"line":78,"column":30},"end":{"line":100,"column":1}},"line":78},"7":{"name":"(anonymous_7)","decl":{"start":{"line":83,"column":14},"end":{"line":83,"column":15}},"loc":{"start":{"line":83,"column":20},"end":{"line":93,"column":5}},"line":83},"8":{"name":"(anonymous_8)","decl":{"start":{"line":85,"column":18},"end":{"line":85,"column":19}},"loc":{"start":{"line":85,"column":29},"end":{"line":88,"column":13}},"line":85},"9":{"name":"(anonymous_9)","decl":{"start":{"line":89,"column":19},"end":{"line":89,"column":20}},"loc":{"start":{"line":89,"column":26},"end":{"line":92,"column":13}},"line":89}},"branchMap":{},"s":{"0":1,"1":0,"2":0,"3":0,"4":0,"5":0,"6":1,"7":0,"8":0,"9":0,"10":1,"11":0,"12":0,"13":0,"14":1,"15":0,"16":0,"17":0,"18":0,"19":0,"20":0,"21":0,"22":0,"23":0,"24":0,"25":0,"26":0,"27":0,"28":0,"29":0,"30":0},"f":{"0":0,"1":0,"2":0,"3":0,"4":0,"5":0,"6":0,"7":0,"8":0,"9":0},"b":{},"_coverageSchema":"1a1c01bbd47fc00a2c39e90264f33305004495a9","hash":"d9e318747527cb8ec166d5b568ef3d0c23ed5d44"}
,"/Users/joanneng/Desktop/it_project/COMP30022-frontend/src/apis/groupsApi.js": {"path":"/Users/joanneng/Desktop/it_project/COMP30022-frontend/src/apis/groupsApi.js","statementMap":{"0":{"start":{"line":3,"column":17},"end":{"line":3,"column":61}},"1":{"start":{"line":7,"column":23},"end":{"line":28,"column":5}},"2":{"start":{"line":8,"column":31},"end":{"line":16,"column":9}},"3":{"start":{"line":17,"column":25},"end":{"line":17,"column":74}},"4":{"start":{"line":18,"column":21},"end":{"line":18,"column":42}},"5":{"start":{"line":19,"column":8},"end":{"line":26,"column":9}},"6":{"start":{"line":19,"column":21},"end":{"line":19,"column":22}},"7":{"start":{"line":20,"column":26},"end":{"line":20,"column":35}},"8":{"start":{"line":21,"column":12},"end":{"line":21,"column":38}},"9":{"start":{"line":22,"column":12},"end":{"line":25,"column":13}},"10":{"start":{"line":22,"column":25},"end":{"line":22,"column":26}},"11":{"start":{"line":23,"column":28},"end":{"line":23,"column":75}},"12":{"start":{"line":24,"column":16},"end":{"line":24,"column":47}},"13":{"start":{"line":27,"column":8},"end":{"line":27,"column":22}},"14":{"start":{"line":30,"column":25},"end":{"line":46,"column":5}},"15":{"start":{"line":31,"column":31},"end":{"line":43,"column":9}},"16":{"start":{"line":44,"column":25},"end":{"line":44,"column":74}},"17":{"start":{"line":45,"column":21},"end":{"line":45,"column":42}},"18":{"start":{"line":48,"column":25},"end":{"line":60,"column":5}},"19":{"start":{"line":49,"column":31},"end":{"line":57,"column":9}},"20":{"start":{"line":58,"column":25},"end":{"line":58,"column":57}},"21":{"start":{"line":59,"column":8},"end":{"line":59,"column":31}},"22":{"start":{"line":62,"column":31},"end":{"line":69,"column":5}},"23":{"start":{"line":63,"column":23},"end":{"line":63,"column":50}},"24":{"start":{"line":64,"column":8},"end":{"line":68,"column":9}},"25":{"start":{"line":64,"column":21},"end":{"line":64,"column":22}},"26":{"start":{"line":65,"column":12},"end":{"line":67,"column":13}},"27":{"start":{"line":66,"column":16},"end":{"line":66,"column":53}},"28":{"start":{"line":71,"column":22},"end":{"line":83,"column":5}},"29":{"start":{"line":72,"column":31},"end":{"line":80,"column":9}},"30":{"start":{"line":81,"column":25},"end":{"line":81,"column":57}},"31":{"start":{"line":82,"column":8},"end":{"line":82,"column":31}},"32":{"start":{"line":85,"column":27},"end":{"line":105,"column":5}},"33":{"start":{"line":86,"column":31},"end":{"line":94,"column":9}},"34":{"start":{"line":95,"column":23},"end":{"line":95,"column":72}},"35":{"start":{"line":96,"column":8},"end":{"line":96,"column":41}},"36":{"start":{"line":97,"column":21},"end":{"line":103,"column":10}},"37":{"start":{"line":98,"column":12},"end":{"line":102,"column":14}},"38":{"start":{"line":104,"column":8},"end":{"line":104,"column":22}},"39":{"start":{"line":107,"column":29},"end":{"line":123,"column":5}},"40":{"start":{"line":108,"column":31},"end":{"line":116,"column":9}},"41":{"start":{"line":117,"column":23},"end":{"line":117,"column":72}},"42":{"start":{"line":118,"column":8},"end":{"line":118,"column":41}},"43":{"start":{"line":119,"column":20},"end":{"line":121,"column":13}},"44":{"start":{"line":120,"column":12},"end":{"line":120,"column":48}},"45":{"start":{"line":122,"column":8},"end":{"line":122,"column":21}},"46":{"start":{"line":125,"column":32},"end":{"line":170,"column":5}},"47":{"start":{"line":127,"column":12},"end":{"line":138,"column":14}},"48":{"start":{"line":142,"column":8},"end":{"line":142,"column":38}},"49":{"start":{"line":142,"column":31},"end":{"line":142,"column":38}},"50":{"start":{"line":146,"column":8},"end":{"line":156,"column":9}},"51":{"start":{"line":147,"column":29},"end":{"line":147,"column":61}},"52":{"start":{"line":148,"column":30},"end":{"line":148,"column":47}},"53":{"start":{"line":149,"column":12},"end":{"line":149,"column":67}},"54":{"start":{"line":150,"column":12},"end":{"line":150,"column":61}},"55":{"start":{"line":153,"column":12},"end":{"line":155,"column":13}},"56":{"start":{"line":154,"column":16},"end":{"line":154,"column":46}},"57":{"start":{"line":159,"column":8},"end":{"line":168,"column":9}},"58":{"start":{"line":160,"column":12},"end":{"line":160,"column":68}},"59":{"start":{"line":164,"column":29},"end":{"line":164,"column":61}},"60":{"start":{"line":165,"column":30},"end":{"line":165,"column":47}},"61":{"start":{"line":166,"column":12},"end":{"line":166,"column":41}},"62":{"start":{"line":167,"column":12},"end":{"line":167,"column":61}}},"fnMap":{"0":{"name":"(anonymous_0)","decl":{"start":{"line":7,"column":23},"end":{"line":7,"column":24}},"loc":{"start":{"line":7,"column":35},"end":{"line":28,"column":5}},"line":7},"1":{"name":"(anonymous_1)","decl":{"start":{"line":30,"column":25},"end":{"line":30,"column":26}},"loc":{"start":{"line":30,"column":56},"end":{"line":46,"column":5}},"line":30},"2":{"name":"(anonymous_2)","decl":{"start":{"line":48,"column":25},"end":{"line":48,"column":26}},"loc":{"start":{"line":48,"column":39},"end":{"line":60,"column":5}},"line":48},"3":{"name":"(anonymous_3)","decl":{"start":{"line":62,"column":31},"end":{"line":62,"column":32}},"loc":{"start":{"line":62,"column":43},"end":{"line":69,"column":5}},"line":62},"4":{"name":"(anonymous_4)","decl":{"start":{"line":71,"column":22},"end":{"line":71,"column":23}},"loc":{"start":{"line":71,"column":37},"end":{"line":83,"column":5}},"line":71},"5":{"name":"(anonymous_5)","decl":{"start":{"line":85,"column":27},"end":{"line":85,"column":28}},"loc":{"start":{"line":85,"column":39},"end":{"line":105,"column":5}},"line":85},"6":{"name":"(anonymous_6)","decl":{"start":{"line":97,"column":34},"end":{"line":97,"column":35}},"loc":{"start":{"line":97,"column":45},"end":{"line":103,"column":9}},"line":97},"7":{"name":"(anonymous_7)","decl":{"start":{"line":107,"column":29},"end":{"line":107,"column":30}},"loc":{"start":{"line":107,"column":44},"end":{"line":123,"column":5}},"line":107},"8":{"name":"(anonymous_8)","decl":{"start":{"line":119,"column":36},"end":{"line":119,"column":37}},"loc":{"start":{"line":119,"column":47},"end":{"line":121,"column":9}},"line":119},"9":{"name":"(anonymous_9)","decl":{"start":{"line":125,"column":32},"end":{"line":125,"column":33}},"loc":{"start":{"line":125,"column":84},"end":{"line":170,"column":5}},"line":125},"10":{"name":"requestOptions","decl":{"start":{"line":126,"column":17},"end":{"line":126,"column":31}},"loc":{"start":{"line":126,"column":42},"end":{"line":139,"column":9}},"line":126}},"branchMap":{"0":{"loc":{"start":{"line":65,"column":12},"end":{"line":67,"column":13}},"type":"if","locations":[{"start":{"line":65,"column":12},"end":{"line":67,"column":13}},{"start":{},"end":{}}],"line":65},"1":{"loc":{"start":{"line":142,"column":8},"end":{"line":142,"column":38}},"type":"if","locations":[{"start":{"line":142,"column":8},"end":{"line":142,"column":38}},{"start":{},"end":{}}],"line":142},"2":{"loc":{"start":{"line":146,"column":8},"end":{"line":156,"column":9}},"type":"if","locations":[{"start":{"line":146,"column":8},"end":{"line":156,"column":9}},{"start":{},"end":{}}],"line":146},"3":{"loc":{"start":{"line":153,"column":12},"end":{"line":155,"column":13}},"type":"if","locations":[{"start":{"line":153,"column":12},"end":{"line":155,"column":13}},{"start":{},"end":{}}],"line":153},"4":{"loc":{"start":{"line":159,"column":8},"end":{"line":168,"column":9}},"type":"if","locations":[{"start":{"line":159,"column":8},"end":{"line":168,"column":9}},{"start":{"line":163,"column":13},"end":{"line":168,"column":9}}],"line":159},"5":{"loc":{"start":{"line":159,"column":12},"end":{"line":159,"column":35}},"type":"binary-expr","locations":[{"start":{"line":159,"column":12},"end":{"line":159,"column":24}},{"start":{"line":159,"column":28},"end":{"line":159,"column":35}}],"line":159}},"s":{"0":1,"1":1,"2":0,"3":0,"4":0,"5":0,"6":0,"7":0,"8":0,"9":0,"10":0,"11":0,"12":0,"13":0,"14":1,"15":0,"16":0,"17":0,"18":1,"19":0,"20":0,"21":0,"22":1,"23":0,"24":0,"25":0,"26":0,"27":0,"28":1,"29":0,"30":0,"31":0,"32":1,"33":0,"34":0,"35":0,"36":0,"37":0,"38":0,"39":1,"40":0,"41":0,"42":0,"43":0,"44":0,"45":0,"46":1,"47":0,"48":0,"49":0,"50":0,"51":0,"52":0,"53":0,"54":0,"55":0,"56":0,"57":0,"58":0,"59":0,"60":0,"61":0,"62":0},"f":{"0":0,"1":0,"2":0,"3":0,"4":0,"5":0,"6":0,"7":0,"8":0,"9":0,"10":0},"b":{"0":[0,0],"1":[0,0],"2":[0,0],"3":[0,0],"4":[0,0],"5":[0,0]},"_coverageSchema":"1a1c01bbd47fc00a2c39e90264f33305004495a9","hash":"ab3c32d7a6a3b3e15f0b52e91615eadade4796f0"}
,"/Users/joanneng/Desktop/it_project/COMP30022-frontend/src/components/groups/ContactCardStar.js": {"path":"/Users/joanneng/Desktop/it_project/COMP30022-frontend/src/components/groups/ContactCardStar.js","statementMap":{"0":{"start":{"line":8,"column":8},"end":{"line":8,"column":21}},"1":{"start":{"line":11,"column":17},"end":{"line":15,"column":5}},"2":{"start":{"line":12,"column":8},"end":{"line":12,"column":32}},"3":{"start":{"line":13,"column":8},"end":{"line":13,"column":74}},"4":{"start":{"line":14,"column":8},"end":{"line":14,"column":33}},"5":{"start":{"line":18,"column":24},"end":{"line":18,"column":26}},"6":{"start":{"line":19,"column":8},"end":{"line":21,"column":9}},"7":{"start":{"line":20,"column":12},"end":{"line":20,"column":40}},"8":{"start":{"line":22,"column":8},"end":{"line":40,"column":10}}},"fnMap":{"0":{"name":"(anonymous_0)","decl":{"start":{"line":7,"column":4},"end":{"line":7,"column":5}},"loc":{"start":{"line":7,"column":23},"end":{"line":9,"column":5}},"line":7},"1":{"name":"(anonymous_1)","decl":{"start":{"line":11,"column":17},"end":{"line":11,"column":18}},"loc":{"start":{"line":11,"column":34},"end":{"line":15,"column":5}},"line":11},"2":{"name":"(anonymous_2)","decl":{"start":{"line":17,"column":4},"end":{"line":17,"column":5}},"loc":{"start":{"line":17,"column":13},"end":{"line":41,"column":5}},"line":17}},"branchMap":{"0":{"loc":{"start":{"line":19,"column":8},"end":{"line":21,"column":9}},"type":"if","locations":[{"start":{"line":19,"column":8},"end":{"line":21,"column":9}},{"start":{},"end":{}}],"line":19},"1":{"loc":{"start":{"line":24,"column":17},"end":{"line":38,"column":17}},"type":"cond-expr","locations":[{"start":{"line":25,"column":20},"end":{"line":30,"column":26}},{"start":{"line":32,"column":20},"end":{"line":37,"column":26}}],"line":24}},"s":{"0":3,"1":3,"2":1,"3":1,"4":1,"5":3,"6":3,"7":3,"8":3},"f":{"0":3,"1":1,"2":3},"b":{"0":[3,0],"1":[2,1]},"_coverageSchema":"1a1c01bbd47fc00a2c39e90264f33305004495a9","hash":"2c1e16bf7704d3ddd2037991df3a36d3882799a3"}
}
