{"/Users/joanneng/Desktop/it_project/COMP30022-frontend/src/App.js": {"path":"/Users/joanneng/Desktop/it_project/COMP30022-frontend/src/App.js","statementMap":{"0":{"start":{"line":15,"column":8},"end":{"line":15,"column":21}},"1":{"start":{"line":16,"column":8},"end":{"line":18,"column":9}},"2":{"start":{"line":17,"column":12},"end":{"line":17,"column":53}},"3":{"start":{"line":22,"column":8},"end":{"line":28,"column":10}}},"fnMap":{"0":{"name":"(anonymous_0)","decl":{"start":{"line":14,"column":4},"end":{"line":14,"column":5}},"loc":{"start":{"line":14,"column":23},"end":{"line":19,"column":5}},"line":14},"1":{"name":"(anonymous_1)","decl":{"start":{"line":21,"column":4},"end":{"line":21,"column":5}},"loc":{"start":{"line":21,"column":13},"end":{"line":29,"column":5}},"line":21}},"branchMap":{"0":{"loc":{"start":{"line":16,"column":8},"end":{"line":18,"column":9}},"type":"if","locations":[{"start":{"line":16,"column":8},"end":{"line":18,"column":9}},{"start":{},"end":{}}],"line":16}},"s":{"0":1,"1":1,"2":1,"3":1},"f":{"0":1,"1":1},"b":{"0":[1,0]},"_coverageSchema":"1a1c01bbd47fc00a2c39e90264f33305004495a9","hash":"d758b7c6d50291515e3aed2023fa8e3983328ded"}
,"/Users/joanneng/Desktop/it_project/COMP30022-frontend/src/apis/authApi.js": {"path":"/Users/joanneng/Desktop/it_project/COMP30022-frontend/src/apis/authApi.js","statementMap":{"0":{"start":{"line":1,"column":17},"end":{"line":1,"column":61}},"1":{"start":{"line":5,"column":24},"end":{"line":18,"column":5}},"2":{"start":{"line":6,"column":25},"end":{"line":6,"column":58}},"3":{"start":{"line":7,"column":31},"end":{"line":15,"column":9}},"4":{"start":{"line":16,"column":23},"end":{"line":16,"column":60}},"5":{"start":{"line":17,"column":8},"end":{"line":17,"column":31}},"6":{"start":{"line":20,"column":20},"end":{"line":41,"column":5}},"7":{"start":{"line":21,"column":25},"end":{"line":21,"column":51}},"8":{"start":{"line":22,"column":28},"end":{"line":28,"column":9}},"9":{"start":{"line":29,"column":31},"end":{"line":37,"column":9}},"10":{"start":{"line":38,"column":8},"end":{"line":38,"column":46}},"11":{"start":{"line":39,"column":18},"end":{"line":39,"column":43}},"12":{"start":{"line":40,"column":8},"end":{"line":40,"column":19}},"13":{"start":{"line":43,"column":19},"end":{"line":59,"column":5}},"14":{"start":{"line":44,"column":25},"end":{"line":44,"column":57}},"15":{"start":{"line":45,"column":31},"end":{"line":56,"column":9}},"16":{"start":{"line":57,"column":23},"end":{"line":57,"column":60}},"17":{"start":{"line":58,"column":8},"end":{"line":58,"column":31}}},"fnMap":{"0":{"name":"(anonymous_0)","decl":{"start":{"line":5,"column":24},"end":{"line":5,"column":25}},"loc":{"start":{"line":5,"column":41},"end":{"line":18,"column":5}},"line":5},"1":{"name":"(anonymous_1)","decl":{"start":{"line":20,"column":20},"end":{"line":20,"column":21}},"loc":{"start":{"line":20,"column":36},"end":{"line":41,"column":5}},"line":20},"2":{"name":"(anonymous_2)","decl":{"start":{"line":43,"column":19},"end":{"line":43,"column":20}},"loc":{"start":{"line":43,"column":35},"end":{"line":59,"column":5}},"line":43}},"branchMap":{},"s":{"0":4,"1":4,"2":0,"3":0,"4":0,"5":0,"6":4,"7":0,"8":0,"9":0,"10":0,"11":0,"12":0,"13":4,"14":0,"15":0,"16":0,"17":0},"f":{"0":0,"1":0,"2":0},"b":{},"_coverageSchema":"1a1c01bbd47fc00a2c39e90264f33305004495a9","hash":"b5899bc2ded70417c7706f86f62dd407ac5eadcb"}
,"/Users/joanneng/Desktop/it_project/COMP30022-frontend/src/apis/contactsApi.js": {"path":"/Users/joanneng/Desktop/it_project/COMP30022-frontend/src/apis/contactsApi.js","statementMap":{"0":{"start":{"line":5,"column":17},"end":{"line":5,"column":61}},"1":{"start":{"line":8,"column":24},"end":{"line":21,"column":5}},"2":{"start":{"line":9,"column":21},"end":{"line":9,"column":35}},"3":{"start":{"line":10,"column":8},"end":{"line":10,"column":40}},"4":{"start":{"line":11,"column":31},"end":{"line":18,"column":9}},"5":{"start":{"line":19,"column":25},"end":{"line":19,"column":57}},"6":{"start":{"line":20,"column":8},"end":{"line":20,"column":31}},"7":{"start":{"line":23,"column":24},"end":{"line":35,"column":5}},"8":{"start":{"line":24,"column":31},"end":{"line":32,"column":9}},"9":{"start":{"line":33,"column":25},"end":{"line":33,"column":57}},"10":{"start":{"line":34,"column":8},"end":{"line":34,"column":31}},"11":{"start":{"line":37,"column":27},"end":{"line":58,"column":5}},"12":{"start":{"line":38,"column":31},"end":{"line":54,"column":9}},"13":{"start":{"line":55,"column":20},"end":{"line":55,"column":42}},"14":{"start":{"line":56,"column":25},"end":{"line":56,"column":57}},"15":{"start":{"line":57,"column":8},"end":{"line":57,"column":31}},"16":{"start":{"line":60,"column":25},"end":{"line":80,"column":5}},"17":{"start":{"line":61,"column":31},"end":{"line":77,"column":9}},"18":{"start":{"line":78,"column":25},"end":{"line":78,"column":57}},"19":{"start":{"line":79,"column":8},"end":{"line":79,"column":31}},"20":{"start":{"line":82,"column":30},"end":{"line":94,"column":5}},"21":{"start":{"line":83,"column":21},"end":{"line":83,"column":35}},"22":{"start":{"line":84,"column":8},"end":{"line":84,"column":56}},"23":{"start":{"line":84,"column":28},"end":{"line":84,"column":56}},"24":{"start":{"line":85,"column":31},"end":{"line":92,"column":9}},"25":{"start":{"line":93,"column":8},"end":{"line":93,"column":41}},"26":{"start":{"line":96,"column":27},"end":{"line":109,"column":5}},"27":{"start":{"line":97,"column":31},"end":{"line":105,"column":9}},"28":{"start":{"line":106,"column":25},"end":{"line":106,"column":57}},"29":{"start":{"line":107,"column":8},"end":{"line":107,"column":44}},"30":{"start":{"line":108,"column":8},"end":{"line":108,"column":31}},"31":{"start":{"line":111,"column":29},"end":{"line":124,"column":5}},"32":{"start":{"line":112,"column":31},"end":{"line":120,"column":9}},"33":{"start":{"line":121,"column":20},"end":{"line":121,"column":42}},"34":{"start":{"line":122,"column":25},"end":{"line":122,"column":57}},"35":{"start":{"line":123,"column":8},"end":{"line":123,"column":31}},"36":{"start":{"line":126,"column":26},"end":{"line":142,"column":5}},"37":{"start":{"line":127,"column":31},"end":{"line":138,"column":9}},"38":{"start":{"line":139,"column":20},"end":{"line":139,"column":42}},"39":{"start":{"line":140,"column":25},"end":{"line":140,"column":57}},"40":{"start":{"line":141,"column":8},"end":{"line":141,"column":31}},"41":{"start":{"line":144,"column":27},"end":{"line":159,"column":5}},"42":{"start":{"line":145,"column":31},"end":{"line":156,"column":9}},"43":{"start":{"line":157,"column":25},"end":{"line":157,"column":57}},"44":{"start":{"line":158,"column":8},"end":{"line":158,"column":31}},"45":{"start":{"line":161,"column":28},"end":{"line":172,"column":5}},"46":{"start":{"line":162,"column":31},"end":{"line":170,"column":9}},"47":{"start":{"line":171,"column":8},"end":{"line":171,"column":41}},"48":{"start":{"line":174,"column":33},"end":{"line":189,"column":5}},"49":{"start":{"line":175,"column":8},"end":{"line":187,"column":9}},"50":{"start":{"line":175,"column":21},"end":{"line":175,"column":22}},"51":{"start":{"line":176,"column":12},"end":{"line":186,"column":13}},"52":{"start":{"line":177,"column":16},"end":{"line":180,"column":18}},"53":{"start":{"line":182,"column":33},"end":{"line":184,"column":17}},"54":{"start":{"line":185,"column":16},"end":{"line":185,"column":50}},"55":{"start":{"line":188,"column":8},"end":{"line":188,"column":27}},"56":{"start":{"line":191,"column":35},"end":{"line":195,"column":5}},"57":{"start":{"line":192,"column":8},"end":{"line":194,"column":9}},"58":{"start":{"line":192,"column":19},"end":{"line":192,"column":20}},"59":{"start":{"line":193,"column":12},"end":{"line":193,"column":66}},"60":{"start":{"line":197,"column":27},"end":{"line":209,"column":5}},"61":{"start":{"line":198,"column":31},"end":{"line":206,"column":9}},"62":{"start":{"line":207,"column":25},"end":{"line":207,"column":73}},"63":{"start":{"line":208,"column":8},"end":{"line":208,"column":31}},"64":{"start":{"line":211,"column":30},"end":{"line":228,"column":5}},"65":{"start":{"line":212,"column":31},"end":{"line":225,"column":9}},"66":{"start":{"line":226,"column":20},"end":{"line":226,"column":40}},"67":{"start":{"line":227,"column":8},"end":{"line":227,"column":41}},"68":{"start":{"line":230,"column":31},"end":{"line":244,"column":5}},"69":{"start":{"line":231,"column":31},"end":{"line":242,"column":9}},"70":{"start":{"line":243,"column":8},"end":{"line":243,"column":41}},"71":{"start":{"line":246,"column":31},"end":{"line":261,"column":5}},"72":{"start":{"line":247,"column":8},"end":{"line":260,"column":9}},"73":{"start":{"line":247,"column":21},"end":{"line":247,"column":22}},"74":{"start":{"line":248,"column":12},"end":{"line":259,"column":13}},"75":{"start":{"line":249,"column":16},"end":{"line":252,"column":18}},"76":{"start":{"line":254,"column":16},"end":{"line":258,"column":18}},"77":{"start":{"line":266,"column":4},"end":{"line":266,"column":63}},"78":{"start":{"line":266,"column":53},"end":{"line":266,"column":61}},"79":{"start":{"line":270,"column":34},"end":{"line":270,"column":48}},"80":{"start":{"line":271,"column":30},"end":{"line":271,"column":42}},"81":{"start":{"line":272,"column":30},"end":{"line":272,"column":44}},"82":{"start":{"line":274,"column":4},"end":{"line":284,"column":11}},"83":{"start":{"line":275,"column":8},"end":{"line":283,"column":15}},"84":{"start":{"line":277,"column":16},"end":{"line":277,"column":32}},"85":{"start":{"line":278,"column":16},"end":{"line":278,"column":34}},"86":{"start":{"line":281,"column":16},"end":{"line":281,"column":28}},"87":{"start":{"line":282,"column":16},"end":{"line":282,"column":34}},"88":{"start":{"line":286,"column":4},"end":{"line":290,"column":6}}},"fnMap":{"0":{"name":"(anonymous_0)","decl":{"start":{"line":8,"column":24},"end":{"line":8,"column":25}},"loc":{"start":{"line":8,"column":48},"end":{"line":21,"column":5}},"line":8},"1":{"name":"(anonymous_1)","decl":{"start":{"line":23,"column":24},"end":{"line":23,"column":25}},"loc":{"start":{"line":23,"column":39},"end":{"line":35,"column":5}},"line":23},"2":{"name":"(anonymous_2)","decl":{"start":{"line":37,"column":27},"end":{"line":37,"column":28}},"loc":{"start":{"line":37,"column":46},"end":{"line":58,"column":5}},"line":37},"3":{"name":"(anonymous_3)","decl":{"start":{"line":60,"column":25},"end":{"line":60,"column":26}},"loc":{"start":{"line":60,"column":49},"end":{"line":80,"column":5}},"line":60},"4":{"name":"(anonymous_4)","decl":{"start":{"line":82,"column":30},"end":{"line":82,"column":31}},"loc":{"start":{"line":82,"column":52},"end":{"line":94,"column":5}},"line":82},"5":{"name":"(anonymous_5)","decl":{"start":{"line":96,"column":27},"end":{"line":96,"column":28}},"loc":{"start":{"line":96,"column":42},"end":{"line":109,"column":5}},"line":96},"6":{"name":"(anonymous_6)","decl":{"start":{"line":111,"column":29},"end":{"line":111,"column":30}},"loc":{"start":{"line":111,"column":41},"end":{"line":124,"column":5}},"line":111},"7":{"name":"(anonymous_7)","decl":{"start":{"line":126,"column":26},"end":{"line":126,"column":27}},"loc":{"start":{"line":126,"column":46},"end":{"line":142,"column":5}},"line":126},"8":{"name":"(anonymous_8)","decl":{"start":{"line":144,"column":27},"end":{"line":144,"column":28}},"loc":{"start":{"line":144,"column":52},"end":{"line":159,"column":5}},"line":144},"9":{"name":"(anonymous_9)","decl":{"start":{"line":161,"column":28},"end":{"line":161,"column":29}},"loc":{"start":{"line":161,"column":43},"end":{"line":172,"column":5}},"line":161},"10":{"name":"(anonymous_10)","decl":{"start":{"line":174,"column":33},"end":{"line":174,"column":34}},"loc":{"start":{"line":174,"column":56},"end":{"line":189,"column":5}},"line":174},"11":{"name":"(anonymous_11)","decl":{"start":{"line":191,"column":35},"end":{"line":191,"column":36}},"loc":{"start":{"line":191,"column":59},"end":{"line":195,"column":5}},"line":191},"12":{"name":"(anonymous_12)","decl":{"start":{"line":197,"column":27},"end":{"line":197,"column":28}},"loc":{"start":{"line":197,"column":42},"end":{"line":209,"column":5}},"line":197},"13":{"name":"(anonymous_13)","decl":{"start":{"line":211,"column":30},"end":{"line":211,"column":31}},"loc":{"start":{"line":211,"column":65},"end":{"line":228,"column":5}},"line":211},"14":{"name":"(anonymous_14)","decl":{"start":{"line":230,"column":31},"end":{"line":230,"column":32}},"loc":{"start":{"line":230,"column":52},"end":{"line":244,"column":5}},"line":230},"15":{"name":"(anonymous_15)","decl":{"start":{"line":246,"column":31},"end":{"line":246,"column":32}},"loc":{"start":{"line":246,"column":66},"end":{"line":261,"column":5}},"line":246},"16":{"name":"getContacts","decl":{"start":{"line":265,"column":22},"end":{"line":265,"column":33}},"loc":{"start":{"line":265,"column":36},"end":{"line":267,"column":1}},"line":265},"17":{"name":"(anonymous_17)","decl":{"start":{"line":266,"column":44},"end":{"line":266,"column":45}},"loc":{"start":{"line":266,"column":53},"end":{"line":266,"column":61}},"line":266},"18":{"name":"useContacts","decl":{"start":{"line":269,"column":16},"end":{"line":269,"column":27}},"loc":{"start":{"line":269,"column":30},"end":{"line":291,"column":1}},"line":269},"19":{"name":"(anonymous_19)","decl":{"start":{"line":274,"column":14},"end":{"line":274,"column":15}},"loc":{"start":{"line":274,"column":20},"end":{"line":284,"column":5}},"line":274},"20":{"name":"(anonymous_20)","decl":{"start":{"line":276,"column":18},"end":{"line":276,"column":19}},"loc":{"start":{"line":276,"column":29},"end":{"line":279,"column":13}},"line":276},"21":{"name":"(anonymous_21)","decl":{"start":{"line":280,"column":19},"end":{"line":280,"column":20}},"loc":{"start":{"line":280,"column":26},"end":{"line":283,"column":13}},"line":280}},"branchMap":{"0":{"loc":{"start":{"line":84,"column":8},"end":{"line":84,"column":56}},"type":"if","locations":[{"start":{"line":84,"column":8},"end":{"line":84,"column":56}},{"start":{},"end":{}}],"line":84},"1":{"loc":{"start":{"line":176,"column":12},"end":{"line":186,"column":13}},"type":"if","locations":[{"start":{"line":176,"column":12},"end":{"line":186,"column":13}},{"start":{"line":181,"column":19},"end":{"line":186,"column":13}}],"line":176},"2":{"loc":{"start":{"line":248,"column":12},"end":{"line":259,"column":13}},"type":"if","locations":[{"start":{"line":248,"column":12},"end":{"line":259,"column":13}},{"start":{"line":253,"column":19},"end":{"line":259,"column":13}}],"line":248}},"s":{"0":2,"1":2,"2":0,"3":0,"4":0,"5":0,"6":0,"7":2,"8":0,"9":0,"10":0,"11":2,"12":0,"13":0,"14":0,"15":0,"16":2,"17":0,"18":0,"19":0,"20":2,"21":0,"22":0,"23":0,"24":0,"25":0,"26":2,"27":0,"28":0,"29":0,"30":0,"31":2,"32":0,"33":0,"34":0,"35":0,"36":2,"37":0,"38":0,"39":0,"40":0,"41":2,"42":0,"43":0,"44":0,"45":2,"46":0,"47":0,"48":2,"49":0,"50":0,"51":0,"52":0,"53":0,"54":0,"55":0,"56":2,"57":0,"58":0,"59":0,"60":2,"61":0,"62":0,"63":0,"64":2,"65":0,"66":0,"67":0,"68":2,"69":0,"70":0,"71":2,"72":0,"73":0,"74":0,"75":0,"76":0,"77":0,"78":0,"79":0,"80":0,"81":0,"82":0,"83":0,"84":0,"85":0,"86":0,"87":0,"88":0},"f":{"0":0,"1":0,"2":0,"3":0,"4":0,"5":0,"6":0,"7":0,"8":0,"9":0,"10":0,"11":0,"12":0,"13":0,"14":0,"15":0,"16":0,"17":0,"18":0,"19":0,"20":0,"21":0},"b":{"0":[0,0],"1":[0,0],"2":[0,0]},"_coverageSchema":"1a1c01bbd47fc00a2c39e90264f33305004495a9","hash":"ba8fb693d2e957299091aa3a9c5ddd11d2a76f9a"}
,"/Users/joanneng/Desktop/it_project/COMP30022-frontend/src/apis/groupsApi.js": {"path":"/Users/joanneng/Desktop/it_project/COMP30022-frontend/src/apis/groupsApi.js","statementMap":{"0":{"start":{"line":3,"column":17},"end":{"line":3,"column":61}},"1":{"start":{"line":7,"column":23},"end":{"line":28,"column":5}},"2":{"start":{"line":8,"column":31},"end":{"line":16,"column":9}},"3":{"start":{"line":17,"column":25},"end":{"line":17,"column":74}},"4":{"start":{"line":18,"column":21},"end":{"line":18,"column":42}},"5":{"start":{"line":19,"column":8},"end":{"line":26,"column":9}},"6":{"start":{"line":19,"column":21},"end":{"line":19,"column":22}},"7":{"start":{"line":20,"column":26},"end":{"line":20,"column":35}},"8":{"start":{"line":21,"column":12},"end":{"line":21,"column":38}},"9":{"start":{"line":22,"column":12},"end":{"line":25,"column":13}},"10":{"start":{"line":22,"column":25},"end":{"line":22,"column":26}},"11":{"start":{"line":23,"column":28},"end":{"line":23,"column":75}},"12":{"start":{"line":24,"column":16},"end":{"line":24,"column":47}},"13":{"start":{"line":27,"column":8},"end":{"line":27,"column":22}},"14":{"start":{"line":30,"column":25},"end":{"line":46,"column":5}},"15":{"start":{"line":31,"column":31},"end":{"line":43,"column":9}},"16":{"start":{"line":44,"column":25},"end":{"line":44,"column":74}},"17":{"start":{"line":45,"column":21},"end":{"line":45,"column":42}},"18":{"start":{"line":48,"column":25},"end":{"line":60,"column":5}},"19":{"start":{"line":49,"column":31},"end":{"line":57,"column":9}},"20":{"start":{"line":58,"column":25},"end":{"line":58,"column":57}},"21":{"start":{"line":59,"column":8},"end":{"line":59,"column":31}},"22":{"start":{"line":62,"column":31},"end":{"line":69,"column":5}},"23":{"start":{"line":63,"column":23},"end":{"line":63,"column":50}},"24":{"start":{"line":64,"column":8},"end":{"line":68,"column":9}},"25":{"start":{"line":64,"column":21},"end":{"line":64,"column":22}},"26":{"start":{"line":65,"column":12},"end":{"line":67,"column":13}},"27":{"start":{"line":66,"column":16},"end":{"line":66,"column":53}},"28":{"start":{"line":71,"column":22},"end":{"line":83,"column":5}},"29":{"start":{"line":72,"column":31},"end":{"line":80,"column":9}},"30":{"start":{"line":81,"column":25},"end":{"line":81,"column":57}},"31":{"start":{"line":82,"column":8},"end":{"line":82,"column":31}},"32":{"start":{"line":85,"column":27},"end":{"line":105,"column":5}},"33":{"start":{"line":86,"column":31},"end":{"line":94,"column":9}},"34":{"start":{"line":95,"column":23},"end":{"line":95,"column":72}},"35":{"start":{"line":96,"column":8},"end":{"line":96,"column":41}},"36":{"start":{"line":97,"column":21},"end":{"line":103,"column":10}},"37":{"start":{"line":98,"column":12},"end":{"line":102,"column":14}},"38":{"start":{"line":104,"column":8},"end":{"line":104,"column":22}},"39":{"start":{"line":107,"column":29},"end":{"line":123,"column":5}},"40":{"start":{"line":108,"column":31},"end":{"line":116,"column":9}},"41":{"start":{"line":117,"column":23},"end":{"line":117,"column":72}},"42":{"start":{"line":118,"column":8},"end":{"line":118,"column":41}},"43":{"start":{"line":119,"column":20},"end":{"line":121,"column":13}},"44":{"start":{"line":120,"column":12},"end":{"line":120,"column":48}},"45":{"start":{"line":122,"column":8},"end":{"line":122,"column":21}},"46":{"start":{"line":125,"column":32},"end":{"line":175,"column":5}},"47":{"start":{"line":132,"column":12},"end":{"line":143,"column":14}},"48":{"start":{"line":147,"column":8},"end":{"line":147,"column":38}},"49":{"start":{"line":147,"column":31},"end":{"line":147,"column":38}},"50":{"start":{"line":151,"column":8},"end":{"line":161,"column":9}},"51":{"start":{"line":152,"column":29},"end":{"line":152,"column":61}},"52":{"start":{"line":153,"column":30},"end":{"line":153,"column":47}},"53":{"start":{"line":154,"column":12},"end":{"line":154,"column":67}},"54":{"start":{"line":155,"column":12},"end":{"line":155,"column":61}},"55":{"start":{"line":158,"column":12},"end":{"line":160,"column":13}},"56":{"start":{"line":159,"column":16},"end":{"line":159,"column":46}},"57":{"start":{"line":164,"column":8},"end":{"line":173,"column":9}},"58":{"start":{"line":165,"column":12},"end":{"line":165,"column":68}},"59":{"start":{"line":169,"column":29},"end":{"line":169,"column":61}},"60":{"start":{"line":170,"column":30},"end":{"line":170,"column":47}},"61":{"start":{"line":171,"column":12},"end":{"line":171,"column":41}},"62":{"start":{"line":172,"column":12},"end":{"line":172,"column":61}}},"fnMap":{"0":{"name":"(anonymous_0)","decl":{"start":{"line":7,"column":23},"end":{"line":7,"column":24}},"loc":{"start":{"line":7,"column":35},"end":{"line":28,"column":5}},"line":7},"1":{"name":"(anonymous_1)","decl":{"start":{"line":30,"column":25},"end":{"line":30,"column":26}},"loc":{"start":{"line":30,"column":56},"end":{"line":46,"column":5}},"line":30},"2":{"name":"(anonymous_2)","decl":{"start":{"line":48,"column":25},"end":{"line":48,"column":26}},"loc":{"start":{"line":48,"column":40},"end":{"line":60,"column":5}},"line":48},"3":{"name":"(anonymous_3)","decl":{"start":{"line":62,"column":31},"end":{"line":62,"column":32}},"loc":{"start":{"line":62,"column":43},"end":{"line":69,"column":5}},"line":62},"4":{"name":"(anonymous_4)","decl":{"start":{"line":71,"column":22},"end":{"line":71,"column":23}},"loc":{"start":{"line":71,"column":37},"end":{"line":83,"column":5}},"line":71},"5":{"name":"(anonymous_5)","decl":{"start":{"line":85,"column":27},"end":{"line":85,"column":28}},"loc":{"start":{"line":85,"column":39},"end":{"line":105,"column":5}},"line":85},"6":{"name":"(anonymous_6)","decl":{"start":{"line":97,"column":34},"end":{"line":97,"column":35}},"loc":{"start":{"line":97,"column":45},"end":{"line":103,"column":9}},"line":97},"7":{"name":"(anonymous_7)","decl":{"start":{"line":107,"column":29},"end":{"line":107,"column":30}},"loc":{"start":{"line":107,"column":44},"end":{"line":123,"column":5}},"line":107},"8":{"name":"(anonymous_8)","decl":{"start":{"line":119,"column":36},"end":{"line":119,"column":37}},"loc":{"start":{"line":119,"column":47},"end":{"line":121,"column":9}},"line":119},"9":{"name":"(anonymous_9)","decl":{"start":{"line":125,"column":32},"end":{"line":125,"column":33}},"loc":{"start":{"line":130,"column":9},"end":{"line":175,"column":5}},"line":130},"10":{"name":"requestOptions","decl":{"start":{"line":131,"column":17},"end":{"line":131,"column":31}},"loc":{"start":{"line":131,"column":42},"end":{"line":144,"column":9}},"line":131}},"branchMap":{"0":{"loc":{"start":{"line":65,"column":12},"end":{"line":67,"column":13}},"type":"if","locations":[{"start":{"line":65,"column":12},"end":{"line":67,"column":13}},{"start":{},"end":{}}],"line":65},"1":{"loc":{"start":{"line":147,"column":8},"end":{"line":147,"column":38}},"type":"if","locations":[{"start":{"line":147,"column":8},"end":{"line":147,"column":38}},{"start":{},"end":{}}],"line":147},"2":{"loc":{"start":{"line":151,"column":8},"end":{"line":161,"column":9}},"type":"if","locations":[{"start":{"line":151,"column":8},"end":{"line":161,"column":9}},{"start":{},"end":{}}],"line":151},"3":{"loc":{"start":{"line":158,"column":12},"end":{"line":160,"column":13}},"type":"if","locations":[{"start":{"line":158,"column":12},"end":{"line":160,"column":13}},{"start":{},"end":{}}],"line":158},"4":{"loc":{"start":{"line":164,"column":8},"end":{"line":173,"column":9}},"type":"if","locations":[{"start":{"line":164,"column":8},"end":{"line":173,"column":9}},{"start":{"line":168,"column":13},"end":{"line":173,"column":9}}],"line":164},"5":{"loc":{"start":{"line":164,"column":12},"end":{"line":164,"column":35}},"type":"binary-expr","locations":[{"start":{"line":164,"column":12},"end":{"line":164,"column":24}},{"start":{"line":164,"column":28},"end":{"line":164,"column":35}}],"line":164}},"s":{"0":2,"1":2,"2":0,"3":0,"4":0,"5":0,"6":0,"7":0,"8":0,"9":0,"10":0,"11":0,"12":0,"13":0,"14":2,"15":0,"16":0,"17":0,"18":2,"19":0,"20":0,"21":0,"22":2,"23":0,"24":0,"25":0,"26":0,"27":0,"28":2,"29":0,"30":0,"31":0,"32":2,"33":0,"34":0,"35":0,"36":0,"37":0,"38":0,"39":2,"40":0,"41":0,"42":0,"43":0,"44":0,"45":0,"46":2,"47":0,"48":0,"49":0,"50":0,"51":0,"52":0,"53":0,"54":0,"55":0,"56":0,"57":0,"58":0,"59":0,"60":0,"61":0,"62":0},"f":{"0":0,"1":0,"2":0,"3":0,"4":0,"5":0,"6":0,"7":0,"8":0,"9":0,"10":0},"b":{"0":[0,0],"1":[0,0],"2":[0,0],"3":[0,0],"4":[0,0],"5":[0,0]},"_coverageSchema":"1a1c01bbd47fc00a2c39e90264f33305004495a9","hash":"2ab5d2374f8f4246e7edd1847ab43f7ca5149519"}
,"/Users/joanneng/Desktop/it_project/COMP30022-frontend/src/apis/profileApi.js": {"path":"/Users/joanneng/Desktop/it_project/COMP30022-frontend/src/apis/profileApi.js","statementMap":{"0":{"start":{"line":1,"column":17},"end":{"line":1,"column":61}},"1":{"start":{"line":3,"column":11},"end":{"line":3,"column":43}},"2":{"start":{"line":4,"column":24},"end":{"line":4,"column":61}},"3":{"start":{"line":5,"column":24},"end":{"line":5,"column":61}},"4":{"start":{"line":8,"column":28},"end":{"line":28,"column":5}},"5":{"start":{"line":9,"column":31},"end":{"line":17,"column":9}},"6":{"start":{"line":18,"column":30},"end":{"line":18,"column":74}},"7":{"start":{"line":19,"column":30},"end":{"line":19,"column":74}},"8":{"start":{"line":20,"column":26},"end":{"line":20,"column":54}},"9":{"start":{"line":21,"column":26},"end":{"line":21,"column":54}},"10":{"start":{"line":22,"column":8},"end":{"line":22,"column":60}},"11":{"start":{"line":23,"column":8},"end":{"line":23,"column":44}},"12":{"start":{"line":24,"column":8},"end":{"line":24,"column":52}},"13":{"start":{"line":25,"column":8},"end":{"line":25,"column":46}},"14":{"start":{"line":26,"column":8},"end":{"line":26,"column":59}},"15":{"start":{"line":27,"column":8},"end":{"line":27,"column":27}},"16":{"start":{"line":30,"column":28},"end":{"line":43,"column":5}},"17":{"start":{"line":31,"column":31},"end":{"line":39,"column":9}},"18":{"start":{"line":40,"column":30},"end":{"line":40,"column":74}},"19":{"start":{"line":41,"column":20},"end":{"line":41,"column":48}},"20":{"start":{"line":42,"column":8},"end":{"line":42,"column":19}},"21":{"start":{"line":45,"column":27},"end":{"line":68,"column":5}},"22":{"start":{"line":46,"column":21},"end":{"line":46,"column":35}},"23":{"start":{"line":47,"column":8},"end":{"line":47,"column":30}},"24":{"start":{"line":48,"column":8},"end":{"line":48,"column":44}},"25":{"start":{"line":49,"column":8},"end":{"line":49,"column":52}},"26":{"start":{"line":50,"column":8},"end":{"line":50,"column":50}},"27":{"start":{"line":51,"column":8},"end":{"line":51,"column":48}},"28":{"start":{"line":52,"column":8},"end":{"line":52,"column":41}},"29":{"start":{"line":53,"column":8},"end":{"line":53,"column":55}},"30":{"start":{"line":54,"column":8},"end":{"line":54,"column":39}},"31":{"start":{"line":55,"column":8},"end":{"line":55,"column":47}},"32":{"start":{"line":56,"column":8},"end":{"line":56,"column":66}},"33":{"start":{"line":56,"column":33},"end":{"line":56,"column":66}},"34":{"start":{"line":57,"column":31},"end":{"line":64,"column":9}},"35":{"start":{"line":65,"column":8},"end":{"line":65,"column":53}},"36":{"start":{"line":66,"column":8},"end":{"line":66,"column":53}},"37":{"start":{"line":67,"column":8},"end":{"line":67,"column":33}},"38":{"start":{"line":70,"column":29},"end":{"line":83,"column":5}},"39":{"start":{"line":71,"column":25},"end":{"line":71,"column":52}},"40":{"start":{"line":72,"column":31},"end":{"line":80,"column":9}},"41":{"start":{"line":81,"column":23},"end":{"line":81,"column":60}},"42":{"start":{"line":82,"column":8},"end":{"line":82,"column":29}},"43":{"start":{"line":85,"column":32},"end":{"line":103,"column":5}},"44":{"start":{"line":86,"column":25},"end":{"line":86,"column":52}},"45":{"start":{"line":87,"column":8},"end":{"line":89,"column":9}},"46":{"start":{"line":88,"column":12},"end":{"line":88,"column":35}},"47":{"start":{"line":90,"column":31},"end":{"line":101,"column":9}},"48":{"start":{"line":102,"column":8},"end":{"line":102,"column":46}}},"fnMap":{"0":{"name":"(anonymous_0)","decl":{"start":{"line":8,"column":28},"end":{"line":8,"column":29}},"loc":{"start":{"line":8,"column":40},"end":{"line":28,"column":5}},"line":8},"1":{"name":"(anonymous_1)","decl":{"start":{"line":30,"column":28},"end":{"line":30,"column":29}},"loc":{"start":{"line":30,"column":40},"end":{"line":43,"column":5}},"line":30},"2":{"name":"(anonymous_2)","decl":{"start":{"line":45,"column":27},"end":{"line":45,"column":28}},"loc":{"start":{"line":45,"column":43},"end":{"line":68,"column":5}},"line":45},"3":{"name":"(anonymous_3)","decl":{"start":{"line":70,"column":29},"end":{"line":70,"column":30}},"loc":{"start":{"line":70,"column":41},"end":{"line":83,"column":5}},"line":70},"4":{"name":"(anonymous_4)","decl":{"start":{"line":85,"column":32},"end":{"line":85,"column":33}},"loc":{"start":{"line":85,"column":50},"end":{"line":103,"column":5}},"line":85}},"branchMap":{"0":{"loc":{"start":{"line":56,"column":8},"end":{"line":56,"column":66}},"type":"if","locations":[{"start":{"line":56,"column":8},"end":{"line":56,"column":66}},{"start":{},"end":{}}],"line":56}},"s":{"0":6,"1":6,"2":6,"3":6,"4":6,"5":0,"6":0,"7":0,"8":0,"9":0,"10":0,"11":0,"12":0,"13":0,"14":0,"15":0,"16":6,"17":0,"18":0,"19":0,"20":0,"21":6,"22":0,"23":0,"24":0,"25":0,"26":0,"27":0,"28":0,"29":0,"30":0,"31":0,"32":0,"33":0,"34":0,"35":0,"36":0,"37":0,"38":6,"39":0,"40":0,"41":0,"42":0,"43":6,"44":0,"45":0,"46":0,"47":0,"48":0},"f":{"0":0,"1":0,"2":0,"3":0,"4":0},"b":{"0":[0,0]},"_coverageSchema":"1a1c01bbd47fc00a2c39e90264f33305004495a9","hash":"8ba012b38fed2b142a75e77f32bb4d1c108457b6"}
,"/Users/joanneng/Desktop/it_project/COMP30022-frontend/src/components/AddContact.js": {"path":"/Users/joanneng/Desktop/it_project/COMP30022-frontend/src/components/AddContact.js","statementMap":{"0":{"start":{"line":7,"column":24},"end":{"line":14,"column":5}},"1":{"start":{"line":8,"column":8},"end":{"line":8,"column":40}},"2":{"start":{"line":9,"column":22},"end":{"line":9,"column":82}},"3":{"start":{"line":10,"column":8},"end":{"line":13,"column":11}},"4":{"start":{"line":16,"column":11},"end":{"line":57,"column":5}},"5":{"start":{"line":17,"column":8},"end":{"line":17,"column":27}},"6":{"start":{"line":19,"column":24},"end":{"line":26,"column":10}},"7":{"start":{"line":28,"column":8},"end":{"line":30,"column":10}},"8":{"start":{"line":33,"column":8},"end":{"line":38,"column":10}},"9":{"start":{"line":41,"column":8},"end":{"line":41,"column":77}},"10":{"start":{"line":44,"column":28},"end":{"line":46,"column":9}},"11":{"start":{"line":47,"column":8},"end":{"line":49,"column":11}},"12":{"start":{"line":50,"column":8},"end":{"line":53,"column":10}},"13":{"start":{"line":54,"column":8},"end":{"line":54,"column":73}},"14":{"start":{"line":56,"column":8},"end":{"line":56,"column":31}},"15":{"start":{"line":59,"column":20},"end":{"line":61,"column":5}},"16":{"start":{"line":60,"column":8},"end":{"line":60,"column":36}}},"fnMap":{"0":{"name":"(anonymous_0)","decl":{"start":{"line":7,"column":24},"end":{"line":7,"column":25}},"loc":{"start":{"line":7,"column":36},"end":{"line":14,"column":5}},"line":7},"1":{"name":"(anonymous_1)","decl":{"start":{"line":16,"column":11},"end":{"line":16,"column":12}},"loc":{"start":{"line":16,"column":23},"end":{"line":57,"column":5}},"line":16},"2":{"name":"(anonymous_2)","decl":{"start":{"line":59,"column":20},"end":{"line":59,"column":21}},"loc":{"start":{"line":59,"column":26},"end":{"line":61,"column":5}},"line":59}},"branchMap":{"0":{"loc":{"start":{"line":9,"column":22},"end":{"line":9,"column":82}},"type":"cond-expr","locations":[{"start":{"line":9,"column":50},"end":{"line":9,"column":75}},{"start":{"line":9,"column":78},"end":{"line":9,"column":82}}],"line":9},"1":{"loc":{"start":{"line":35,"column":12},"end":{"line":35,"column":68}},"type":"binary-expr","locations":[{"start":{"line":35,"column":12},"end":{"line":35,"column":36}},{"start":{"line":35,"column":40},"end":{"line":35,"column":68}}],"line":35},"2":{"loc":{"start":{"line":36,"column":12},"end":{"line":36,"column":52}},"type":"binary-expr","locations":[{"start":{"line":36,"column":12},"end":{"line":36,"column":28}},{"start":{"line":36,"column":32},"end":{"line":36,"column":52}}],"line":36},"3":{"loc":{"start":{"line":37,"column":12},"end":{"line":37,"column":54}},"type":"binary-expr","locations":[{"start":{"line":37,"column":12},"end":{"line":37,"column":28}},{"start":{"line":37,"column":32},"end":{"line":37,"column":54}}],"line":37}},"s":{"0":0,"1":0,"2":0,"3":0,"4":0,"5":0,"6":0,"7":0,"8":0,"9":0,"10":0,"11":0,"12":0,"13":0,"14":0,"15":0,"16":0},"f":{"0":0,"1":0,"2":0},"b":{"0":[0,0],"1":[0,0],"2":[0,0],"3":[0,0]},"_coverageSchema":"1a1c01bbd47fc00a2c39e90264f33305004495a9","hash":"e7ee3958d935154168a958036f24fb214b12cc39"}
,"/Users/joanneng/Desktop/it_project/COMP30022-frontend/src/components/ContactOverlay.js": {"path":"/Users/joanneng/Desktop/it_project/COMP30022-frontend/src/components/ContactOverlay.js","statementMap":{"0":{"start":{"line":16,"column":14},"end":{"line":25,"column":1}},"1":{"start":{"line":17,"column":24},"end":{"line":24,"column":5}},"2":{"start":{"line":29,"column":8},"end":{"line":29,"column":21}},"3":{"start":{"line":30,"column":8},"end":{"line":52,"column":10}},"4":{"start":{"line":57,"column":26},"end":{"line":57,"column":28}},"5":{"start":{"line":58,"column":26},"end":{"line":58,"column":61}},"6":{"start":{"line":59,"column":8},"end":{"line":65,"column":9}},"7":{"start":{"line":59,"column":21},"end":{"line":59,"column":22}},"8":{"start":{"line":60,"column":12},"end":{"line":64,"column":15}},"9":{"start":{"line":67,"column":23},"end":{"line":67,"column":54}},"10":{"start":{"line":68,"column":8},"end":{"line":71,"column":11}},"11":{"start":{"line":74,"column":14},"end":{"line":78,"column":5}},"12":{"start":{"line":75,"column":8},"end":{"line":77,"column":10}},"13":{"start":{"line":80,"column":20},"end":{"line":85,"column":5}},"14":{"start":{"line":81,"column":8},"end":{"line":84,"column":11}},"15":{"start":{"line":87,"column":25},"end":{"line":97,"column":5}},"16":{"start":{"line":88,"column":8},"end":{"line":88,"column":40}},"17":{"start":{"line":89,"column":32},"end":{"line":92,"column":9}},"18":{"start":{"line":93,"column":8},"end":{"line":96,"column":11}},"19":{"start":{"line":99,"column":25},"end":{"line":109,"column":5}},"20":{"start":{"line":100,"column":8},"end":{"line":100,"column":40}},"21":{"start":{"line":101,"column":27},"end":{"line":104,"column":9}},"22":{"start":{"line":105,"column":8},"end":{"line":108,"column":11}},"23":{"start":{"line":111,"column":26},"end":{"line":125,"column":5}},"24":{"start":{"line":112,"column":31},"end":{"line":112,"column":53}},"25":{"start":{"line":113,"column":19},"end":{"line":113,"column":46}},"26":{"start":{"line":114,"column":8},"end":{"line":119,"column":10}},"27":{"start":{"line":120,"column":8},"end":{"line":124,"column":11}},"28":{"start":{"line":127,"column":31},"end":{"line":142,"column":5}},"29":{"start":{"line":128,"column":31},"end":{"line":128,"column":53}},"30":{"start":{"line":129,"column":19},"end":{"line":129,"column":46}},"31":{"start":{"line":130,"column":8},"end":{"line":135,"column":10}},"32":{"start":{"line":137,"column":8},"end":{"line":141,"column":11}},"33":{"start":{"line":144,"column":22},"end":{"line":163,"column":5}},"34":{"start":{"line":145,"column":21},"end":{"line":145,"column":23}},"35":{"start":{"line":146,"column":8},"end":{"line":161,"column":9}},"36":{"start":{"line":147,"column":12},"end":{"line":160,"column":14}},"37":{"start":{"line":162,"column":8},"end":{"line":162,"column":22}},"38":{"start":{"line":165,"column":21},"end":{"line":177,"column":5}},"39":{"start":{"line":166,"column":30},"end":{"line":166,"column":52}},"40":{"start":{"line":167,"column":8},"end":{"line":172,"column":11}},"41":{"start":{"line":173,"column":8},"end":{"line":176,"column":11}},"42":{"start":{"line":179,"column":24},"end":{"line":190,"column":5}},"43":{"start":{"line":180,"column":30},"end":{"line":180,"column":52}},"44":{"start":{"line":181,"column":27},"end":{"line":181,"column":50}},"45":{"start":{"line":182,"column":24},"end":{"line":182,"column":50}},"46":{"start":{"line":183,"column":8},"end":{"line":183,"column":35}},"47":{"start":{"line":184,"column":8},"end":{"line":184,"column":38}},"48":{"start":{"line":185,"column":8},"end":{"line":189,"column":11}},"49":{"start":{"line":192,"column":20},"end":{"line":192,"column":34}},"50":{"start":{"line":196,"column":22},"end":{"line":202,"column":5}},"51":{"start":{"line":197,"column":18},"end":{"line":197,"column":38}},"52":{"start":{"line":198,"column":8},"end":{"line":198,"column":53}},"53":{"start":{"line":199,"column":8},"end":{"line":199,"column":53}},"54":{"start":{"line":200,"column":8},"end":{"line":200,"column":37}},"55":{"start":{"line":201,"column":8},"end":{"line":201,"column":33}},"56":{"start":{"line":204,"column":19},"end":{"line":210,"column":5}},"57":{"start":{"line":205,"column":8},"end":{"line":209,"column":9}},"58":{"start":{"line":206,"column":12},"end":{"line":208,"column":18}},"59":{"start":{"line":207,"column":16},"end":{"line":207,"column":61}},"60":{"start":{"line":212,"column":20},"end":{"line":239,"column":5}},"61":{"start":{"line":213,"column":8},"end":{"line":235,"column":9}},"62":{"start":{"line":215,"column":16},"end":{"line":217,"column":19}},"63":{"start":{"line":218,"column":16},"end":{"line":218,"column":22}},"64":{"start":{"line":221,"column":16},"end":{"line":223,"column":19}},"65":{"start":{"line":224,"column":16},"end":{"line":224,"column":22}},"66":{"start":{"line":227,"column":29},"end":{"line":227,"column":46}},"67":{"start":{"line":228,"column":16},"end":{"line":228,"column":38}},"68":{"start":{"line":229,"column":16},"end":{"line":232,"column":19}},"69":{"start":{"line":233,"column":16},"end":{"line":233,"column":22}},"70":{"start":{"line":236,"column":8},"end":{"line":238,"column":11}},"71":{"start":{"line":241,"column":30},"end":{"line":241,"column":60}},"72":{"start":{"line":243,"column":25},"end":{"line":251,"column":5}},"73":{"start":{"line":245,"column":25},"end":{"line":245,"column":67}},"74":{"start":{"line":246,"column":8},"end":{"line":250,"column":11}},"75":{"start":{"line":253,"column":18},"end":{"line":255,"column":5}},"76":{"start":{"line":254,"column":8},"end":{"line":254,"column":36}},"77":{"start":{"line":258,"column":8},"end":{"line":264,"column":9}},"78":{"start":{"line":259,"column":12},"end":{"line":263,"column":14}},"79":{"start":{"line":265,"column":8},"end":{"line":392,"column":10}},"80":{"start":{"line":273,"column":32},"end":{"line":273,"column":56}},"81":{"start":{"line":318,"column":55},"end":{"line":325,"column":37}}},"fnMap":{"0":{"name":"(anonymous_0)","decl":{"start":{"line":17,"column":13},"end":{"line":17,"column":14}},"loc":{"start":{"line":17,"column":24},"end":{"line":24,"column":5}},"line":17},"1":{"name":"(anonymous_1)","decl":{"start":{"line":28,"column":4},"end":{"line":28,"column":5}},"loc":{"start":{"line":28,"column":23},"end":{"line":53,"column":5}},"line":28},"2":{"name":"(anonymous_2)","decl":{"start":{"line":55,"column":4},"end":{"line":55,"column":5}},"loc":{"start":{"line":55,"column":30},"end":{"line":72,"column":5}},"line":55},"3":{"name":"(anonymous_3)","decl":{"start":{"line":74,"column":14},"end":{"line":74,"column":15}},"loc":{"start":{"line":74,"column":20},"end":{"line":78,"column":5}},"line":74},"4":{"name":"(anonymous_4)","decl":{"start":{"line":80,"column":20},"end":{"line":80,"column":21}},"loc":{"start":{"line":80,"column":37},"end":{"line":85,"column":5}},"line":80},"5":{"name":"(anonymous_5)","decl":{"start":{"line":87,"column":25},"end":{"line":87,"column":26}},"loc":{"start":{"line":87,"column":42},"end":{"line":97,"column":5}},"line":87},"6":{"name":"(anonymous_6)","decl":{"start":{"line":99,"column":25},"end":{"line":99,"column":26}},"loc":{"start":{"line":99,"column":42},"end":{"line":109,"column":5}},"line":99},"7":{"name":"(anonymous_7)","decl":{"start":{"line":111,"column":26},"end":{"line":111,"column":27}},"loc":{"start":{"line":111,"column":43},"end":{"line":125,"column":5}},"line":111},"8":{"name":"(anonymous_8)","decl":{"start":{"line":127,"column":31},"end":{"line":127,"column":32}},"loc":{"start":{"line":127,"column":48},"end":{"line":142,"column":5}},"line":127},"9":{"name":"(anonymous_9)","decl":{"start":{"line":144,"column":22},"end":{"line":144,"column":23}},"loc":{"start":{"line":144,"column":28},"end":{"line":163,"column":5}},"line":144},"10":{"name":"(anonymous_10)","decl":{"start":{"line":165,"column":21},"end":{"line":165,"column":22}},"loc":{"start":{"line":165,"column":27},"end":{"line":177,"column":5}},"line":165},"11":{"name":"(anonymous_11)","decl":{"start":{"line":179,"column":24},"end":{"line":179,"column":25}},"loc":{"start":{"line":179,"column":32},"end":{"line":190,"column":5}},"line":179},"12":{"name":"(anonymous_12)","decl":{"start":{"line":192,"column":20},"end":{"line":192,"column":21}},"loc":{"start":{"line":192,"column":32},"end":{"line":192,"column":34}},"line":192},"13":{"name":"(anonymous_13)","decl":{"start":{"line":194,"column":4},"end":{"line":194,"column":5}},"loc":{"start":{"line":194,"column":17},"end":{"line":194,"column":19}},"line":194},"14":{"name":"(anonymous_14)","decl":{"start":{"line":196,"column":22},"end":{"line":196,"column":23}},"loc":{"start":{"line":196,"column":28},"end":{"line":202,"column":5}},"line":196},"15":{"name":"(anonymous_15)","decl":{"start":{"line":204,"column":19},"end":{"line":204,"column":20}},"loc":{"start":{"line":204,"column":25},"end":{"line":210,"column":5}},"line":204},"16":{"name":"(anonymous_16)","decl":{"start":{"line":206,"column":44},"end":{"line":206,"column":45}},"loc":{"start":{"line":206,"column":55},"end":{"line":208,"column":13}},"line":206},"17":{"name":"(anonymous_17)","decl":{"start":{"line":212,"column":20},"end":{"line":212,"column":21}},"loc":{"start":{"line":212,"column":46},"end":{"line":239,"column":5}},"line":212},"18":{"name":"(anonymous_18)","decl":{"start":{"line":241,"column":30},"end":{"line":241,"column":31}},"loc":{"start":{"line":241,"column":58},"end":{"line":241,"column":60}},"line":241},"19":{"name":"(anonymous_19)","decl":{"start":{"line":243,"column":25},"end":{"line":243,"column":26}},"loc":{"start":{"line":243,"column":42},"end":{"line":251,"column":5}},"line":243},"20":{"name":"(anonymous_20)","decl":{"start":{"line":253,"column":18},"end":{"line":253,"column":19}},"loc":{"start":{"line":253,"column":24},"end":{"line":255,"column":5}},"line":253},"21":{"name":"(anonymous_21)","decl":{"start":{"line":257,"column":4},"end":{"line":257,"column":5}},"loc":{"start":{"line":257,"column":13},"end":{"line":393,"column":5}},"line":257},"22":{"name":"(anonymous_22)","decl":{"start":{"line":272,"column":37},"end":{"line":272,"column":38}},"loc":{"start":{"line":272,"column":48},"end":{"line":274,"column":29}},"line":272},"23":{"name":"(anonymous_23)","decl":{"start":{"line":318,"column":43},"end":{"line":318,"column":44}},"loc":{"start":{"line":318,"column":55},"end":{"line":325,"column":37}},"line":318}},"branchMap":{"0":{"loc":{"start":{"line":76,"column":12},"end":{"line":76,"column":80}},"type":"binary-expr","locations":[{"start":{"line":76,"column":12},"end":{"line":76,"column":30}},{"start":{"line":76,"column":34},"end":{"line":76,"column":55}},{"start":{"line":76,"column":59},"end":{"line":76,"column":80}}],"line":76},"1":{"loc":{"start":{"line":205,"column":8},"end":{"line":209,"column":9}},"type":"if","locations":[{"start":{"line":205,"column":8},"end":{"line":209,"column":9}},{"start":{},"end":{}}],"line":205},"2":{"loc":{"start":{"line":213,"column":8},"end":{"line":235,"column":9}},"type":"switch","locations":[{"start":{"line":214,"column":12},"end":{"line":219,"column":13}},{"start":{"line":220,"column":12},"end":{"line":225,"column":13}},{"start":{"line":226,"column":12},"end":{"line":234,"column":13}}],"line":213},"3":{"loc":{"start":{"line":258,"column":8},"end":{"line":264,"column":9}},"type":"if","locations":[{"start":{"line":258,"column":8},"end":{"line":264,"column":9}},{"start":{},"end":{}}],"line":258}},"s":{"0":1,"1":0,"2":0,"3":0,"4":0,"5":0,"6":0,"7":0,"8":0,"9":0,"10":0,"11":0,"12":0,"13":0,"14":0,"15":0,"16":0,"17":0,"18":0,"19":0,"20":0,"21":0,"22":0,"23":0,"24":0,"25":0,"26":0,"27":0,"28":0,"29":0,"30":0,"31":0,"32":0,"33":0,"34":0,"35":0,"36":0,"37":0,"38":0,"39":0,"40":0,"41":0,"42":0,"43":0,"44":0,"45":0,"46":0,"47":0,"48":0,"49":0,"50":0,"51":0,"52":0,"53":0,"54":0,"55":0,"56":0,"57":0,"58":0,"59":0,"60":0,"61":0,"62":0,"63":0,"64":0,"65":0,"66":0,"67":0,"68":0,"69":0,"70":0,"71":0,"72":0,"73":0,"74":0,"75":0,"76":0,"77":0,"78":0,"79":0,"80":0,"81":0},"f":{"0":0,"1":0,"2":0,"3":0,"4":0,"5":0,"6":0,"7":0,"8":0,"9":0,"10":0,"11":0,"12":0,"13":0,"14":0,"15":0,"16":0,"17":0,"18":0,"19":0,"20":0,"21":0,"22":0,"23":0},"b":{"0":[0,0,0],"1":[0,0],"2":[0,0,0],"3":[0,0]},"_coverageSchema":"1a1c01bbd47fc00a2c39e90264f33305004495a9","hash":"561a153fe39a6550ab938e668bd18113b28919de"}
,"/Users/joanneng/Desktop/it_project/COMP30022-frontend/src/components/ContactsOptionsBar.js": {"path":"/Users/joanneng/Desktop/it_project/COMP30022-frontend/src/components/ContactsOptionsBar.js","statementMap":{"0":{"start":{"line":13,"column":17},"end":{"line":13,"column":61}},"1":{"start":{"line":27,"column":8},"end":{"line":27,"column":16}},"2":{"start":{"line":29,"column":8},"end":{"line":31,"column":10}},"3":{"start":{"line":35,"column":8},"end":{"line":35,"column":49}},"4":{"start":{"line":38,"column":24},"end":{"line":42,"column":5}},"5":{"start":{"line":39,"column":8},"end":{"line":41,"column":10}},"6":{"start":{"line":45,"column":8},"end":{"line":75,"column":10}}},"fnMap":{"0":{"name":"(anonymous_0)","decl":{"start":{"line":26,"column":4},"end":{"line":26,"column":5}},"loc":{"start":{"line":26,"column":18},"end":{"line":32,"column":5}},"line":26},"1":{"name":"(anonymous_1)","decl":{"start":{"line":34,"column":4},"end":{"line":34,"column":5}},"loc":{"start":{"line":34,"column":19},"end":{"line":36,"column":5}},"line":34},"2":{"name":"(anonymous_2)","decl":{"start":{"line":38,"column":24},"end":{"line":38,"column":25}},"loc":{"start":{"line":38,"column":30},"end":{"line":42,"column":5}},"line":38},"3":{"name":"(anonymous_3)","decl":{"start":{"line":44,"column":4},"end":{"line":44,"column":5}},"loc":{"start":{"line":44,"column":13},"end":{"line":76,"column":5}},"line":44}},"branchMap":{},"s":{"0":1,"1":0,"2":0,"3":0,"4":0,"5":0,"6":0},"f":{"0":0,"1":0,"2":0,"3":0},"b":{},"_coverageSchema":"1a1c01bbd47fc00a2c39e90264f33305004495a9","hash":"a7a769436059e94b354b002148b13d0037ad0b89"}
,"/Users/joanneng/Desktop/it_project/COMP30022-frontend/src/components/ContactsViewButton.js": {"path":"/Users/joanneng/Desktop/it_project/COMP30022-frontend/src/components/ContactsViewButton.js","statementMap":{"0":{"start":{"line":15,"column":8},"end":{"line":15,"column":21}},"1":{"start":{"line":16,"column":8},"end":{"line":21,"column":10}},"2":{"start":{"line":25,"column":8},"end":{"line":35,"column":9}},"3":{"start":{"line":26,"column":12},"end":{"line":29,"column":15}},"4":{"start":{"line":31,"column":12},"end":{"line":34,"column":15}},"5":{"start":{"line":38,"column":18},"end":{"line":46,"column":5}},"6":{"start":{"line":39,"column":8},"end":{"line":45,"column":9}},"7":{"start":{"line":40,"column":12},"end":{"line":40,"column":57}},"8":{"start":{"line":41,"column":12},"end":{"line":44,"column":15}},"9":{"start":{"line":48,"column":19},"end":{"line":56,"column":5}},"10":{"start":{"line":49,"column":8},"end":{"line":55,"column":9}},"11":{"start":{"line":50,"column":12},"end":{"line":50,"column":58}},"12":{"start":{"line":51,"column":12},"end":{"line":54,"column":15}},"13":{"start":{"line":59,"column":8},"end":{"line":74,"column":10}}},"fnMap":{"0":{"name":"(anonymous_0)","decl":{"start":{"line":14,"column":4},"end":{"line":14,"column":5}},"loc":{"start":{"line":14,"column":23},"end":{"line":22,"column":5}},"line":14},"1":{"name":"(anonymous_1)","decl":{"start":{"line":24,"column":4},"end":{"line":24,"column":5}},"loc":{"start":{"line":24,"column":24},"end":{"line":36,"column":5}},"line":24},"2":{"name":"(anonymous_2)","decl":{"start":{"line":38,"column":18},"end":{"line":38,"column":19}},"loc":{"start":{"line":38,"column":30},"end":{"line":46,"column":5}},"line":38},"3":{"name":"(anonymous_3)","decl":{"start":{"line":48,"column":19},"end":{"line":48,"column":20}},"loc":{"start":{"line":48,"column":31},"end":{"line":56,"column":5}},"line":48},"4":{"name":"(anonymous_4)","decl":{"start":{"line":58,"column":4},"end":{"line":58,"column":5}},"loc":{"start":{"line":58,"column":13},"end":{"line":75,"column":5}},"line":58}},"branchMap":{"0":{"loc":{"start":{"line":25,"column":8},"end":{"line":35,"column":9}},"type":"if","locations":[{"start":{"line":25,"column":8},"end":{"line":35,"column":9}},{"start":{"line":30,"column":15},"end":{"line":35,"column":9}}],"line":25},"1":{"loc":{"start":{"line":39,"column":8},"end":{"line":45,"column":9}},"type":"if","locations":[{"start":{"line":39,"column":8},"end":{"line":45,"column":9}},{"start":{},"end":{}}],"line":39},"2":{"loc":{"start":{"line":49,"column":8},"end":{"line":55,"column":9}},"type":"if","locations":[{"start":{"line":49,"column":8},"end":{"line":55,"column":9}},{"start":{},"end":{}}],"line":49}},"s":{"0":3,"1":3,"2":3,"3":0,"4":3,"5":3,"6":1,"7":1,"8":1,"9":3,"10":2,"11":2,"12":2,"13":9},"f":{"0":3,"1":3,"2":1,"3":2,"4":9},"b":{"0":[0,3],"1":[1,0],"2":[2,0]},"_coverageSchema":"1a1c01bbd47fc00a2c39e90264f33305004495a9","hash":"7d3b0681047b272009e84cd2f79291a14dc2e4b7"}
,"/Users/joanneng/Desktop/it_project/COMP30022-frontend/src/components/CustomInputField.js": {"path":"/Users/joanneng/Desktop/it_project/COMP30022-frontend/src/components/CustomInputField.js","statementMap":{"0":{"start":{"line":17,"column":15},"end":{"line":19,"column":5}},"1":{"start":{"line":18,"column":8},"end":{"line":18,"column":35}},"2":{"start":{"line":21,"column":20},"end":{"line":23,"column":5}},"3":{"start":{"line":22,"column":8},"end":{"line":22,"column":40}},"4":{"start":{"line":25,"column":21},"end":{"line":27,"column":5}},"5":{"start":{"line":26,"column":8},"end":{"line":26,"column":51}},"6":{"start":{"line":30,"column":8},"end":{"line":57,"column":10}}},"fnMap":{"0":{"name":"(anonymous_0)","decl":{"start":{"line":17,"column":15},"end":{"line":17,"column":16}},"loc":{"start":{"line":17,"column":26},"end":{"line":19,"column":5}},"line":17},"1":{"name":"(anonymous_1)","decl":{"start":{"line":21,"column":20},"end":{"line":21,"column":21}},"loc":{"start":{"line":21,"column":31},"end":{"line":23,"column":5}},"line":21},"2":{"name":"(anonymous_2)","decl":{"start":{"line":25,"column":21},"end":{"line":25,"column":22}},"loc":{"start":{"line":25,"column":27},"end":{"line":27,"column":5}},"line":25},"3":{"name":"(anonymous_3)","decl":{"start":{"line":29,"column":4},"end":{"line":29,"column":5}},"loc":{"start":{"line":29,"column":13},"end":{"line":58,"column":5}},"line":29}},"branchMap":{},"s":{"0":0,"1":0,"2":0,"3":0,"4":0,"5":0,"6":0},"f":{"0":0,"1":0,"2":0,"3":0},"b":{},"_coverageSchema":"1a1c01bbd47fc00a2c39e90264f33305004495a9","hash":"a0c121ea0ce14be9363b89073e69ca87f5e9d4f0"}
,"/Users/joanneng/Desktop/it_project/COMP30022-frontend/src/components/EditContact.js": {"path":"/Users/joanneng/Desktop/it_project/COMP30022-frontend/src/components/EditContact.js","statementMap":{"0":{"start":{"line":7,"column":24},"end":{"line":40,"column":5}},"1":{"start":{"line":8,"column":8},"end":{"line":8,"column":40}},"2":{"start":{"line":10,"column":25},"end":{"line":10,"column":78}},"3":{"start":{"line":11,"column":20},"end":{"line":11,"column":63}},"4":{"start":{"line":12,"column":24},"end":{"line":12,"column":57}},"5":{"start":{"line":13,"column":22},"end":{"line":13,"column":58}},"6":{"start":{"line":14,"column":23},"end":{"line":14,"column":54}},"7":{"start":{"line":15,"column":24},"end":{"line":15,"column":60}},"8":{"start":{"line":16,"column":26},"end":{"line":16,"column":48}},"9":{"start":{"line":17,"column":8},"end":{"line":22,"column":9}},"10":{"start":{"line":17,"column":21},"end":{"line":17,"column":22}},"11":{"start":{"line":18,"column":12},"end":{"line":21,"column":13}},"12":{"start":{"line":19,"column":16},"end":{"line":19,"column":55}},"13":{"start":{"line":20,"column":16},"end":{"line":20,"column":58}},"14":{"start":{"line":24,"column":8},"end":{"line":39,"column":11}},"15":{"start":{"line":42,"column":23},"end":{"line":44,"column":5}},"16":{"start":{"line":43,"column":8},"end":{"line":43,"column":30}},"17":{"start":{"line":46,"column":11},"end":{"line":76,"column":5}},"18":{"start":{"line":47,"column":8},"end":{"line":47,"column":27}},"19":{"start":{"line":48,"column":8},"end":{"line":55,"column":11}},"20":{"start":{"line":56,"column":8},"end":{"line":61,"column":10}},"21":{"start":{"line":62,"column":28},"end":{"line":64,"column":9}},"22":{"start":{"line":65,"column":8},"end":{"line":67,"column":11}},"23":{"start":{"line":68,"column":8},"end":{"line":71,"column":10}},"24":{"start":{"line":72,"column":8},"end":{"line":72,"column":73}},"25":{"start":{"line":74,"column":8},"end":{"line":74,"column":77}},"26":{"start":{"line":75,"column":8},"end":{"line":75,"column":31}},"27":{"start":{"line":78,"column":20},"end":{"line":81,"column":5}},"28":{"start":{"line":79,"column":8},"end":{"line":79,"column":31}},"29":{"start":{"line":80,"column":8},"end":{"line":80,"column":56}}},"fnMap":{"0":{"name":"(anonymous_0)","decl":{"start":{"line":7,"column":24},"end":{"line":7,"column":25}},"loc":{"start":{"line":7,"column":36},"end":{"line":40,"column":5}},"line":7},"1":{"name":"(anonymous_1)","decl":{"start":{"line":42,"column":23},"end":{"line":42,"column":24}},"loc":{"start":{"line":42,"column":32},"end":{"line":44,"column":5}},"line":42},"2":{"name":"(anonymous_2)","decl":{"start":{"line":46,"column":11},"end":{"line":46,"column":12}},"loc":{"start":{"line":46,"column":23},"end":{"line":76,"column":5}},"line":46},"3":{"name":"(anonymous_3)","decl":{"start":{"line":78,"column":20},"end":{"line":78,"column":21}},"loc":{"start":{"line":78,"column":32},"end":{"line":81,"column":5}},"line":78}},"branchMap":{"0":{"loc":{"start":{"line":18,"column":12},"end":{"line":21,"column":13}},"type":"if","locations":[{"start":{"line":18,"column":12},"end":{"line":21,"column":13}},{"start":{},"end":{}}],"line":18},"1":{"loc":{"start":{"line":28,"column":22},"end":{"line":28,"column":65}},"type":"cond-expr","locations":[{"start":{"line":28,"column":47},"end":{"line":28,"column":49}},{"start":{"line":28,"column":52},"end":{"line":28,"column":65}}],"line":28},"2":{"loc":{"start":{"line":43,"column":15},"end":{"line":43,"column":29}},"type":"cond-expr","locations":[{"start":{"line":43,"column":21},"end":{"line":43,"column":24}},{"start":{"line":43,"column":27},"end":{"line":43,"column":29}}],"line":43},"3":{"loc":{"start":{"line":58,"column":12},"end":{"line":58,"column":68}},"type":"binary-expr","locations":[{"start":{"line":58,"column":12},"end":{"line":58,"column":36}},{"start":{"line":58,"column":40},"end":{"line":58,"column":68}}],"line":58},"4":{"loc":{"start":{"line":59,"column":12},"end":{"line":59,"column":52}},"type":"binary-expr","locations":[{"start":{"line":59,"column":12},"end":{"line":59,"column":28}},{"start":{"line":59,"column":32},"end":{"line":59,"column":52}}],"line":59},"5":{"loc":{"start":{"line":60,"column":12},"end":{"line":60,"column":54}},"type":"binary-expr","locations":[{"start":{"line":60,"column":12},"end":{"line":60,"column":28}},{"start":{"line":60,"column":32},"end":{"line":60,"column":54}}],"line":60}},"s":{"0":0,"1":0,"2":0,"3":0,"4":0,"5":0,"6":0,"7":0,"8":0,"9":0,"10":0,"11":0,"12":0,"13":0,"14":0,"15":0,"16":0,"17":0,"18":0,"19":0,"20":0,"21":0,"22":0,"23":0,"24":0,"25":0,"26":0,"27":0,"28":0,"29":0},"f":{"0":0,"1":0,"2":0,"3":0},"b":{"0":[0,0],"1":[0,0],"2":[0,0],"3":[0,0],"4":[0,0],"5":[0,0]},"_coverageSchema":"1a1c01bbd47fc00a2c39e90264f33305004495a9","hash":"781ee5400ee64aa898a180286688b2403d08ba75"}
,"/Users/joanneng/Desktop/it_project/COMP30022-frontend/src/components/InputField.js": {"path":"/Users/joanneng/Desktop/it_project/COMP30022-frontend/src/components/InputField.js","statementMap":{"0":{"start":{"line":16,"column":15},"end":{"line":18,"column":5}},"1":{"start":{"line":17,"column":8},"end":{"line":17,"column":35}},"2":{"start":{"line":21,"column":8},"end":{"line":46,"column":10}}},"fnMap":{"0":{"name":"(anonymous_0)","decl":{"start":{"line":16,"column":15},"end":{"line":16,"column":16}},"loc":{"start":{"line":16,"column":26},"end":{"line":18,"column":5}},"line":16},"1":{"name":"(anonymous_1)","decl":{"start":{"line":20,"column":4},"end":{"line":20,"column":5}},"loc":{"start":{"line":20,"column":13},"end":{"line":47,"column":5}},"line":20}},"branchMap":{},"s":{"0":51,"1":199,"2":1405},"f":{"0":199,"1":1405},"b":{},"_coverageSchema":"1a1c01bbd47fc00a2c39e90264f33305004495a9","hash":"6003a28eced57ab586f62692e8cd5fe31a09ef8d"}
,"/Users/joanneng/Desktop/it_project/COMP30022-frontend/src/components/Loading.js": {"path":"/Users/joanneng/Desktop/it_project/COMP30022-frontend/src/components/Loading.js","statementMap":{"0":{"start":{"line":7,"column":8},"end":{"line":11,"column":10}}},"fnMap":{"0":{"name":"(anonymous_0)","decl":{"start":{"line":6,"column":4},"end":{"line":6,"column":5}},"loc":{"start":{"line":6,"column":13},"end":{"line":12,"column":5}},"line":6}},"branchMap":{},"s":{"0":0},"f":{"0":0},"b":{},"_coverageSchema":"1a1c01bbd47fc00a2c39e90264f33305004495a9","hash":"09b0191346013b35d8152ce263dbe87381f2c374"}
,"/Users/joanneng/Desktop/it_project/COMP30022-frontend/src/components/Modal.js": {"path":"/Users/joanneng/Desktop/it_project/COMP30022-frontend/src/components/Modal.js","statementMap":{"0":{"start":{"line":5,"column":19},"end":{"line":13,"column":1}},"1":{"start":{"line":17,"column":8},"end":{"line":22,"column":10}}},"fnMap":{"0":{"name":"(anonymous_0)","decl":{"start":{"line":16,"column":4},"end":{"line":16,"column":5}},"loc":{"start":{"line":16,"column":13},"end":{"line":23,"column":5}},"line":16}},"branchMap":{},"s":{"0":1,"1":0},"f":{"0":0},"b":{},"_coverageSchema":"1a1c01bbd47fc00a2c39e90264f33305004495a9","hash":"9f91975d6f9b8f93894a830249200f1499efe405"}
,"/Users/joanneng/Desktop/it_project/COMP30022-frontend/src/components/ProfilePhoto.js": {"path":"/Users/joanneng/Desktop/it_project/COMP30022-frontend/src/components/ProfilePhoto.js","statementMap":{"0":{"start":{"line":20,"column":8},"end":{"line":20,"column":21}},"1":{"start":{"line":21,"column":8},"end":{"line":21,"column":48}},"2":{"start":{"line":24,"column":25},"end":{"line":26,"column":5}},"3":{"start":{"line":25,"column":8},"end":{"line":25,"column":35}},"4":{"start":{"line":28,"column":19},"end":{"line":30,"column":5}},"5":{"start":{"line":29,"column":8},"end":{"line":29,"column":44}},"6":{"start":{"line":32,"column":18},"end":{"line":37,"column":5}},"7":{"start":{"line":33,"column":8},"end":{"line":36,"column":10}},"8":{"start":{"line":40,"column":8},"end":{"line":64,"column":10}}},"fnMap":{"0":{"name":"(anonymous_0)","decl":{"start":{"line":19,"column":4},"end":{"line":19,"column":5}},"loc":{"start":{"line":19,"column":23},"end":{"line":22,"column":5}},"line":19},"1":{"name":"(anonymous_1)","decl":{"start":{"line":24,"column":25},"end":{"line":24,"column":26}},"loc":{"start":{"line":24,"column":42},"end":{"line":26,"column":5}},"line":24},"2":{"name":"(anonymous_2)","decl":{"start":{"line":28,"column":19},"end":{"line":28,"column":20}},"loc":{"start":{"line":28,"column":30},"end":{"line":30,"column":5}},"line":28},"3":{"name":"(anonymous_3)","decl":{"start":{"line":32,"column":18},"end":{"line":32,"column":19}},"loc":{"start":{"line":32,"column":24},"end":{"line":37,"column":5}},"line":32},"4":{"name":"(anonymous_4)","decl":{"start":{"line":39,"column":4},"end":{"line":39,"column":5}},"loc":{"start":{"line":39,"column":13},"end":{"line":65,"column":5}},"line":39}},"branchMap":{"0":{"loc":{"start":{"line":34,"column":13},"end":{"line":34,"column":60}},"type":"binary-expr","locations":[{"start":{"line":34,"column":13},"end":{"line":34,"column":33}},{"start":{"line":34,"column":37},"end":{"line":34,"column":60}}],"line":34},"1":{"loc":{"start":{"line":35,"column":13},"end":{"line":35,"column":58}},"type":"binary-expr","locations":[{"start":{"line":35,"column":13},"end":{"line":35,"column":32}},{"start":{"line":35,"column":36},"end":{"line":35,"column":58}}],"line":35},"2":{"loc":{"start":{"line":43,"column":21},"end":{"line":51,"column":21}},"type":"cond-expr","locations":[{"start":{"line":44,"column":24},"end":{"line":48,"column":30}},{"start":{"line":50,"column":24},"end":{"line":50,"column":77}}],"line":43}},"s":{"0":0,"1":0,"2":0,"3":0,"4":0,"5":0,"6":0,"7":0,"8":0},"f":{"0":0,"1":0,"2":0,"3":0,"4":0},"b":{"0":[0,0],"1":[0,0],"2":[0,0]},"_coverageSchema":"1a1c01bbd47fc00a2c39e90264f33305004495a9","hash":"b3aeba282c14c6ff5cc4eba8285e9c9f685699b3"}
,"/Users/joanneng/Desktop/it_project/COMP30022-frontend/src/components/Routes.js": {"path":"/Users/joanneng/Desktop/it_project/COMP30022-frontend/src/components/Routes.js","statementMap":{"0":{"start":{"line":25,"column":8},"end":{"line":25,"column":21}},"1":{"start":{"line":26,"column":8},"end":{"line":28,"column":10}},"2":{"start":{"line":31,"column":17},"end":{"line":34,"column":5}},"3":{"start":{"line":32,"column":19},"end":{"line":32,"column":51}},"4":{"start":{"line":33,"column":8},"end":{"line":33,"column":27}},"5":{"start":{"line":36,"column":19},"end":{"line":43,"column":5}},"6":{"start":{"line":37,"column":8},"end":{"line":42,"column":10}},"7":{"start":{"line":45,"column":17},"end":{"line":52,"column":5}},"8":{"start":{"line":46,"column":8},"end":{"line":51,"column":10}},"9":{"start":{"line":55,"column":8},"end":{"line":88,"column":10}}},"fnMap":{"0":{"name":"(anonymous_0)","decl":{"start":{"line":24,"column":4},"end":{"line":24,"column":5}},"loc":{"start":{"line":24,"column":23},"end":{"line":29,"column":5}},"line":24},"1":{"name":"(anonymous_1)","decl":{"start":{"line":31,"column":17},"end":{"line":31,"column":18}},"loc":{"start":{"line":31,"column":23},"end":{"line":34,"column":5}},"line":31},"2":{"name":"(anonymous_2)","decl":{"start":{"line":36,"column":19},"end":{"line":36,"column":20}},"loc":{"start":{"line":36,"column":25},"end":{"line":43,"column":5}},"line":36},"3":{"name":"(anonymous_3)","decl":{"start":{"line":45,"column":17},"end":{"line":45,"column":18}},"loc":{"start":{"line":45,"column":23},"end":{"line":52,"column":5}},"line":45},"4":{"name":"(anonymous_4)","decl":{"start":{"line":54,"column":4},"end":{"line":54,"column":5}},"loc":{"start":{"line":54,"column":13},"end":{"line":89,"column":5}},"line":54}},"branchMap":{"0":{"loc":{"start":{"line":58,"column":21},"end":{"line":64,"column":21}},"type":"cond-expr","locations":[{"start":{"line":59,"column":24},"end":{"line":61,"column":32}},{"start":{"line":63,"column":24},"end":{"line":63,"column":71}}],"line":58}},"s":{"0":1,"1":1,"2":1,"3":1,"4":1,"5":1,"6":0,"7":1,"8":0,"9":1},"f":{"0":1,"1":1,"2":0,"3":0,"4":1},"b":{"0":[0,1]},"_coverageSchema":"1a1c01bbd47fc00a2c39e90264f33305004495a9","hash":"4db61cc1a097431d543bd5f04631862c5b144e8b"}
,"/Users/joanneng/Desktop/it_project/COMP30022-frontend/src/components/SearchBar.js": {"path":"/Users/joanneng/Desktop/it_project/COMP30022-frontend/src/components/SearchBar.js","statementMap":{"0":{"start":{"line":8,"column":8},"end":{"line":8,"column":21}},"1":{"start":{"line":9,"column":8},"end":{"line":11,"column":10}},"2":{"start":{"line":14,"column":19},"end":{"line":18,"column":5}},"3":{"start":{"line":15,"column":8},"end":{"line":17,"column":11}},"4":{"start":{"line":20,"column":14},"end":{"line":22,"column":5}},"5":{"start":{"line":25,"column":8},"end":{"line":37,"column":10}}},"fnMap":{"0":{"name":"(anonymous_0)","decl":{"start":{"line":7,"column":4},"end":{"line":7,"column":5}},"loc":{"start":{"line":7,"column":23},"end":{"line":12,"column":5}},"line":7},"1":{"name":"(anonymous_1)","decl":{"start":{"line":14,"column":19},"end":{"line":14,"column":20}},"loc":{"start":{"line":14,"column":36},"end":{"line":18,"column":5}},"line":14},"2":{"name":"(anonymous_2)","decl":{"start":{"line":20,"column":14},"end":{"line":20,"column":15}},"loc":{"start":{"line":20,"column":31},"end":{"line":22,"column":5}},"line":20},"3":{"name":"(anonymous_3)","decl":{"start":{"line":24,"column":4},"end":{"line":24,"column":5}},"loc":{"start":{"line":24,"column":13},"end":{"line":38,"column":5}},"line":24}},"branchMap":{},"s":{"0":0,"1":0,"2":0,"3":0,"4":0,"5":0},"f":{"0":0,"1":0,"2":0,"3":0},"b":{},"_coverageSchema":"1a1c01bbd47fc00a2c39e90264f33305004495a9","hash":"fd5067acb3b6b8a6e1f213fb7e8716b0ed81e4e0"}
,"/Users/joanneng/Desktop/it_project/COMP30022-frontend/src/components/groups/AddCard.js": {"path":"/Users/joanneng/Desktop/it_project/COMP30022-frontend/src/components/groups/AddCard.js","statementMap":{"0":{"start":{"line":6,"column":22},"end":{"line":11,"column":5}},"1":{"start":{"line":7,"column":8},"end":{"line":10,"column":11}},"2":{"start":{"line":14,"column":8},"end":{"line":24,"column":10}}},"fnMap":{"0":{"name":"(anonymous_0)","decl":{"start":{"line":6,"column":22},"end":{"line":6,"column":23}},"loc":{"start":{"line":6,"column":28},"end":{"line":11,"column":5}},"line":6},"1":{"name":"(anonymous_1)","decl":{"start":{"line":13,"column":4},"end":{"line":13,"column":5}},"loc":{"start":{"line":13,"column":13},"end":{"line":25,"column":5}},"line":13}},"branchMap":{},"s":{"0":0,"1":0,"2":0},"f":{"0":0,"1":0},"b":{},"_coverageSchema":"1a1c01bbd47fc00a2c39e90264f33305004495a9","hash":"b93c691e86f5bc90db2cee8ed35306e8ea8059bf"}
,"/Users/joanneng/Desktop/it_project/COMP30022-frontend/src/components/groups/ContactCard.js": {"path":"/Users/joanneng/Desktop/it_project/COMP30022-frontend/src/components/groups/ContactCard.js","statementMap":{"0":{"start":{"line":7,"column":8},"end":{"line":7,"column":21}},"1":{"start":{"line":8,"column":8},"end":{"line":10,"column":10}},"2":{"start":{"line":14,"column":8},"end":{"line":14,"column":31}},"3":{"start":{"line":18,"column":8},"end":{"line":20,"column":9}},"4":{"start":{"line":19,"column":12},"end":{"line":19,"column":35}},"5":{"start":{"line":23,"column":22},"end":{"line":36,"column":5}},"6":{"start":{"line":24,"column":26},"end":{"line":24,"column":46}},"7":{"start":{"line":25,"column":23},"end":{"line":25,"column":68}},"8":{"start":{"line":25,"column":52},"end":{"line":25,"column":67}},"9":{"start":{"line":26,"column":22},"end":{"line":26,"column":24}},"10":{"start":{"line":27,"column":8},"end":{"line":32,"column":9}},"11":{"start":{"line":28,"column":12},"end":{"line":31,"column":13}},"12":{"start":{"line":29,"column":24},"end":{"line":29,"column":45}},"13":{"start":{"line":30,"column":16},"end":{"line":30,"column":74}},"14":{"start":{"line":33,"column":8},"end":{"line":35,"column":11}},"15":{"start":{"line":38,"column":21},"end":{"line":53,"column":5}},"16":{"start":{"line":39,"column":8},"end":{"line":47,"column":9}},"17":{"start":{"line":40,"column":12},"end":{"line":46,"column":14}},"18":{"start":{"line":49,"column":8},"end":{"line":52,"column":10}},"19":{"start":{"line":55,"column":18},"end":{"line":62,"column":5}},"20":{"start":{"line":56,"column":8},"end":{"line":61,"column":11}},"21":{"start":{"line":65,"column":8},"end":{"line":104,"column":10}},"22":{"start":{"line":93,"column":32},"end":{"line":98,"column":34}}},"fnMap":{"0":{"name":"(anonymous_0)","decl":{"start":{"line":6,"column":4},"end":{"line":6,"column":5}},"loc":{"start":{"line":6,"column":23},"end":{"line":11,"column":5}},"line":6},"1":{"name":"(anonymous_1)","decl":{"start":{"line":13,"column":4},"end":{"line":13,"column":5}},"loc":{"start":{"line":13,"column":24},"end":{"line":15,"column":5}},"line":13},"2":{"name":"(anonymous_2)","decl":{"start":{"line":17,"column":4},"end":{"line":17,"column":5}},"loc":{"start":{"line":17,"column":34},"end":{"line":21,"column":5}},"line":17},"3":{"name":"(anonymous_3)","decl":{"start":{"line":23,"column":22},"end":{"line":23,"column":23}},"loc":{"start":{"line":23,"column":28},"end":{"line":36,"column":5}},"line":23},"4":{"name":"(anonymous_4)","decl":{"start":{"line":25,"column":37},"end":{"line":25,"column":38}},"loc":{"start":{"line":25,"column":52},"end":{"line":25,"column":67}},"line":25},"5":{"name":"(anonymous_5)","decl":{"start":{"line":38,"column":21},"end":{"line":38,"column":22}},"loc":{"start":{"line":38,"column":27},"end":{"line":53,"column":5}},"line":38},"6":{"name":"(anonymous_6)","decl":{"start":{"line":55,"column":18},"end":{"line":55,"column":19}},"loc":{"start":{"line":55,"column":30},"end":{"line":62,"column":5}},"line":55},"7":{"name":"(anonymous_7)","decl":{"start":{"line":64,"column":4},"end":{"line":64,"column":5}},"loc":{"start":{"line":64,"column":13},"end":{"line":105,"column":5}},"line":64},"8":{"name":"(anonymous_8)","decl":{"start":{"line":92,"column":52},"end":{"line":92,"column":53}},"loc":{"start":{"line":92,"column":68},"end":{"line":99,"column":29}},"line":92}},"branchMap":{"0":{"loc":{"start":{"line":18,"column":8},"end":{"line":20,"column":9}},"type":"if","locations":[{"start":{"line":18,"column":8},"end":{"line":20,"column":9}},{"start":{},"end":{}}],"line":18},"1":{"loc":{"start":{"line":28,"column":12},"end":{"line":31,"column":13}},"type":"if","locations":[{"start":{"line":28,"column":12},"end":{"line":31,"column":13}},{"start":{},"end":{}}],"line":28},"2":{"loc":{"start":{"line":39,"column":8},"end":{"line":47,"column":9}},"type":"if","locations":[{"start":{"line":39,"column":8},"end":{"line":47,"column":9}},{"start":{},"end":{}}],"line":39},"3":{"loc":{"start":{"line":50,"column":13},"end":{"line":50,"column":76}},"type":"binary-expr","locations":[{"start":{"line":50,"column":13},"end":{"line":50,"column":41}},{"start":{"line":50,"column":45},"end":{"line":50,"column":76}}],"line":50},"4":{"loc":{"start":{"line":51,"column":13},"end":{"line":51,"column":74}},"type":"binary-expr","locations":[{"start":{"line":51,"column":13},"end":{"line":51,"column":40}},{"start":{"line":51,"column":44},"end":{"line":51,"column":74}}],"line":51}},"s":{"0":0,"1":0,"2":0,"3":0,"4":0,"5":0,"6":0,"7":0,"8":0,"9":0,"10":0,"11":0,"12":0,"13":0,"14":0,"15":0,"16":0,"17":0,"18":0,"19":0,"20":0,"21":0,"22":0},"f":{"0":0,"1":0,"2":0,"3":0,"4":0,"5":0,"6":0,"7":0,"8":0},"b":{"0":[0,0],"1":[0,0],"2":[0,0],"3":[0,0],"4":[0,0]},"_coverageSchema":"1a1c01bbd47fc00a2c39e90264f33305004495a9","hash":"220a0b17f357d42f5c2aa1d978299fa6bc0add2c"}
,"/Users/joanneng/Desktop/it_project/COMP30022-frontend/src/components/groups/ContactCardStar.js": {"path":"/Users/joanneng/Desktop/it_project/COMP30022-frontend/src/components/groups/ContactCardStar.js","statementMap":{"0":{"start":{"line":8,"column":8},"end":{"line":8,"column":21}},"1":{"start":{"line":11,"column":17},"end":{"line":15,"column":5}},"2":{"start":{"line":12,"column":8},"end":{"line":12,"column":32}},"3":{"start":{"line":13,"column":8},"end":{"line":13,"column":74}},"4":{"start":{"line":14,"column":8},"end":{"line":14,"column":33}},"5":{"start":{"line":18,"column":24},"end":{"line":18,"column":26}},"6":{"start":{"line":19,"column":8},"end":{"line":21,"column":9}},"7":{"start":{"line":20,"column":12},"end":{"line":20,"column":40}},"8":{"start":{"line":22,"column":8},"end":{"line":40,"column":10}}},"fnMap":{"0":{"name":"(anonymous_0)","decl":{"start":{"line":7,"column":4},"end":{"line":7,"column":5}},"loc":{"start":{"line":7,"column":23},"end":{"line":9,"column":5}},"line":7},"1":{"name":"(anonymous_1)","decl":{"start":{"line":11,"column":17},"end":{"line":11,"column":18}},"loc":{"start":{"line":11,"column":34},"end":{"line":15,"column":5}},"line":11},"2":{"name":"(anonymous_2)","decl":{"start":{"line":17,"column":4},"end":{"line":17,"column":5}},"loc":{"start":{"line":17,"column":13},"end":{"line":41,"column":5}},"line":17}},"branchMap":{"0":{"loc":{"start":{"line":19,"column":8},"end":{"line":21,"column":9}},"type":"if","locations":[{"start":{"line":19,"column":8},"end":{"line":21,"column":9}},{"start":{},"end":{}}],"line":19},"1":{"loc":{"start":{"line":24,"column":17},"end":{"line":38,"column":17}},"type":"cond-expr","locations":[{"start":{"line":25,"column":20},"end":{"line":30,"column":26}},{"start":{"line":32,"column":20},"end":{"line":37,"column":26}}],"line":24}},"s":{"0":3,"1":3,"2":1,"3":1,"4":1,"5":3,"6":3,"7":3,"8":3},"f":{"0":3,"1":1,"2":3},"b":{"0":[3,0],"1":[2,1]},"_coverageSchema":"1a1c01bbd47fc00a2c39e90264f33305004495a9","hash":"2c1e16bf7704d3ddd2037991df3a36d3882799a3"}
,"/Users/joanneng/Desktop/it_project/COMP30022-frontend/src/components/groups/Quickview.js": {"path":"/Users/joanneng/Desktop/it_project/COMP30022-frontend/src/components/groups/Quickview.js","statementMap":{"0":{"start":{"line":6,"column":8},"end":{"line":6,"column":21}},"1":{"start":{"line":7,"column":8},"end":{"line":9,"column":10}},"2":{"start":{"line":12,"column":27},"end":{"line":21,"column":5}},"3":{"start":{"line":13,"column":8},"end":{"line":20,"column":10}},"4":{"start":{"line":16,"column":31},"end":{"line":16,"column":64}},"5":{"start":{"line":23,"column":29},"end":{"line":32,"column":5}},"6":{"start":{"line":24,"column":8},"end":{"line":31,"column":10}},"7":{"start":{"line":27,"column":31},"end":{"line":27,"column":61}},"8":{"start":{"line":34,"column":22},"end":{"line":39,"column":5}},"9":{"start":{"line":35,"column":8},"end":{"line":37,"column":9}},"10":{"start":{"line":36,"column":12},"end":{"line":36,"column":53}},"11":{"start":{"line":38,"column":8},"end":{"line":38,"column":51}},"12":{"start":{"line":41,"column":19},"end":{"line":53,"column":5}},"13":{"start":{"line":42,"column":8},"end":{"line":52,"column":9}},"14":{"start":{"line":43,"column":12},"end":{"line":51,"column":14}},"15":{"start":{"line":47,"column":28},"end":{"line":47,"column":64}},"16":{"start":{"line":55,"column":21},"end":{"line":59,"column":5}},"17":{"start":{"line":56,"column":8},"end":{"line":58,"column":11}},"18":{"start":{"line":62,"column":8},"end":{"line":72,"column":10}}},"fnMap":{"0":{"name":"(anonymous_0)","decl":{"start":{"line":5,"column":4},"end":{"line":5,"column":5}},"loc":{"start":{"line":5,"column":23},"end":{"line":10,"column":5}},"line":5},"1":{"name":"(anonymous_1)","decl":{"start":{"line":12,"column":27},"end":{"line":12,"column":28}},"loc":{"start":{"line":12,"column":39},"end":{"line":21,"column":5}},"line":12},"2":{"name":"(anonymous_2)","decl":{"start":{"line":16,"column":25},"end":{"line":16,"column":26}},"loc":{"start":{"line":16,"column":31},"end":{"line":16,"column":64}},"line":16},"3":{"name":"(anonymous_3)","decl":{"start":{"line":23,"column":29},"end":{"line":23,"column":30}},"loc":{"start":{"line":23,"column":41},"end":{"line":32,"column":5}},"line":23},"4":{"name":"(anonymous_4)","decl":{"start":{"line":27,"column":25},"end":{"line":27,"column":26}},"loc":{"start":{"line":27,"column":31},"end":{"line":27,"column":61}},"line":27},"5":{"name":"(anonymous_5)","decl":{"start":{"line":34,"column":22},"end":{"line":34,"column":23}},"loc":{"start":{"line":34,"column":34},"end":{"line":39,"column":5}},"line":34},"6":{"name":"(anonymous_6)","decl":{"start":{"line":41,"column":19},"end":{"line":41,"column":20}},"loc":{"start":{"line":41,"column":25},"end":{"line":53,"column":5}},"line":41},"7":{"name":"(anonymous_7)","decl":{"start":{"line":46,"column":57},"end":{"line":46,"column":58}},"loc":{"start":{"line":46,"column":69},"end":{"line":48,"column":25}},"line":46},"8":{"name":"(anonymous_8)","decl":{"start":{"line":55,"column":21},"end":{"line":55,"column":22}},"loc":{"start":{"line":55,"column":27},"end":{"line":59,"column":5}},"line":55},"9":{"name":"(anonymous_9)","decl":{"start":{"line":61,"column":4},"end":{"line":61,"column":5}},"loc":{"start":{"line":61,"column":13},"end":{"line":73,"column":5}},"line":61}},"branchMap":{"0":{"loc":{"start":{"line":35,"column":8},"end":{"line":37,"column":9}},"type":"if","locations":[{"start":{"line":35,"column":8},"end":{"line":37,"column":9}},{"start":{},"end":{}}],"line":35},"1":{"loc":{"start":{"line":42,"column":8},"end":{"line":52,"column":9}},"type":"if","locations":[{"start":{"line":42,"column":8},"end":{"line":52,"column":9}},{"start":{},"end":{}}],"line":42}},"s":{"0":0,"1":0,"2":0,"3":0,"4":0,"5":0,"6":0,"7":0,"8":0,"9":0,"10":0,"11":0,"12":0,"13":0,"14":0,"15":0,"16":0,"17":0,"18":0},"f":{"0":0,"1":0,"2":0,"3":0,"4":0,"5":0,"6":0,"7":0,"8":0,"9":0},"b":{"0":[0,0],"1":[0,0]},"_coverageSchema":"1a1c01bbd47fc00a2c39e90264f33305004495a9","hash":"4f13cd2bdcdded2586a15b4750d10aaa16f45997"}
,"/Users/joanneng/Desktop/it_project/COMP30022-frontend/src/components/header/DarkModeToggle.js": {"path":"/Users/joanneng/Desktop/it_project/COMP30022-frontend/src/components/header/DarkModeToggle.js","statementMap":{"0":{"start":{"line":13,"column":8},"end":{"line":13,"column":21}},"1":{"start":{"line":14,"column":8},"end":{"line":19,"column":10}},"2":{"start":{"line":20,"column":8},"end":{"line":22,"column":9}},"3":{"start":{"line":21,"column":12},"end":{"line":21,"column":54}},"4":{"start":{"line":25,"column":14},"end":{"line":45,"column":5}},"5":{"start":{"line":26,"column":8},"end":{"line":44,"column":9}},"6":{"start":{"line":27,"column":12},"end":{"line":27,"column":52}},"7":{"start":{"line":28,"column":12},"end":{"line":28,"column":54}},"8":{"start":{"line":29,"column":12},"end":{"line":33,"column":15}},"9":{"start":{"line":34,"column":15},"end":{"line":44,"column":9}},"10":{"start":{"line":35,"column":12},"end":{"line":35,"column":53}},"11":{"start":{"line":36,"column":12},"end":{"line":36,"column":57}},"12":{"start":{"line":37,"column":12},"end":{"line":41,"column":15}},"13":{"start":{"line":43,"column":12},"end":{"line":43,"column":53}},"14":{"start":{"line":47,"column":14},"end":{"line":69,"column":5}},"15":{"start":{"line":48,"column":8},"end":{"line":58,"column":14}},"16":{"start":{"line":49,"column":12},"end":{"line":58,"column":14}},"17":{"start":{"line":59,"column":8},"end":{"line":68,"column":10}},"18":{"start":{"line":72,"column":8},"end":{"line":80,"column":10}}},"fnMap":{"0":{"name":"(anonymous_0)","decl":{"start":{"line":12,"column":4},"end":{"line":12,"column":5}},"loc":{"start":{"line":12,"column":23},"end":{"line":23,"column":5}},"line":12},"1":{"name":"(anonymous_1)","decl":{"start":{"line":25,"column":14},"end":{"line":25,"column":15}},"loc":{"start":{"line":25,"column":20},"end":{"line":45,"column":5}},"line":25},"2":{"name":"(anonymous_2)","decl":{"start":{"line":47,"column":14},"end":{"line":47,"column":15}},"loc":{"start":{"line":47,"column":20},"end":{"line":69,"column":5}},"line":47},"3":{"name":"(anonymous_3)","decl":{"start":{"line":71,"column":4},"end":{"line":71,"column":5}},"loc":{"start":{"line":71,"column":13},"end":{"line":81,"column":5}},"line":71}},"branchMap":{"0":{"loc":{"start":{"line":20,"column":8},"end":{"line":22,"column":9}},"type":"if","locations":[{"start":{"line":20,"column":8},"end":{"line":22,"column":9}},{"start":{},"end":{}}],"line":20},"1":{"loc":{"start":{"line":26,"column":8},"end":{"line":44,"column":9}},"type":"if","locations":[{"start":{"line":26,"column":8},"end":{"line":44,"column":9}},{"start":{"line":34,"column":15},"end":{"line":44,"column":9}}],"line":26},"2":{"loc":{"start":{"line":34,"column":15},"end":{"line":44,"column":9}},"type":"if","locations":[{"start":{"line":34,"column":15},"end":{"line":44,"column":9}},{"start":{"line":42,"column":15},"end":{"line":44,"column":9}}],"line":34},"3":{"loc":{"start":{"line":48,"column":8},"end":{"line":58,"column":14}},"type":"if","locations":[{"start":{"line":48,"column":8},"end":{"line":58,"column":14}},{"start":{},"end":{}}],"line":48}},"s":{"0":8,"1":8,"2":8,"3":0,"4":8,"5":2,"6":0,"7":0,"8":0,"9":2,"10":0,"11":0,"12":0,"13":2,"14":8,"15":8,"16":0,"17":8,"18":8},"f":{"0":8,"1":2,"2":8,"3":8},"b":{"0":[0,8],"1":[0,2],"2":[0,2],"3":[0,8]},"_coverageSchema":"1a1c01bbd47fc00a2c39e90264f33305004495a9","hash":"e38b2af20bbacab128ddddfe25c3fdf30106e754"}
[...]
column":33}},"14":{"start":{"line":80,"column":31},"end":{"line":93,"column":5}},"15":{"start":{"line":81,"column":31},"end":{"line":81,"column":53}},"16":{"start":{"line":82,"column":19},"end":{"line":82,"column":46}},"17":{"start":{"line":83,"column":8},"end":{"line":86,"column":10}},"18":{"start":{"line":88,"column":8},"end":{"line":91,"column":11}},"19":{"start":{"line":92,"column":8},"end":{"line":92,"column":33}},"20":{"start":{"line":95,"column":24},"end":{"line":103,"column":5}},"21":{"start":{"line":96,"column":8},"end":{"line":102,"column":9}},"22":{"start":{"line":97,"column":12},"end":{"line":101,"column":13}},"23":{"start":{"line":98,"column":16},"end":{"line":100,"column":19}},"24":{"start":{"line":105,"column":25},"end":{"line":116,"column":5}},"25":{"start":{"line":106,"column":8},"end":{"line":108,"column":11}},"26":{"start":{"line":109,"column":21},"end":{"line":109,"column":78}},"27":{"start":{"line":110,"column":8},"end":{"line":114,"column":11}},"28":{"start":{"line":115,"column":8},"end":{"line":115,"column":33}},"29":{"start":{"line":118,"column":25},"end":{"line":127,"column":5}},"30":{"start":{"line":120,"column":25},"end":{"line":120,"column":67}},"31":{"start":{"line":121,"column":8},"end":{"line":125,"column":11}},"32":{"start":{"line":126,"column":8},"end":{"line":126,"column":33}},"33":{"start":{"line":129,"column":16},"end":{"line":188,"column":5}},"34":{"start":{"line":130,"column":8},"end":{"line":187,"column":10}},"35":{"start":{"line":190,"column":17},"end":{"line":194,"column":5}},"36":{"start":{"line":191,"column":23},"end":{"line":191,"column":70}},"37":{"start":{"line":192,"column":23},"end":{"line":192,"column":58}},"38":{"start":{"line":193,"column":8},"end":{"line":193,"column":59}},"39":{"start":{"line":193,"column":53},"end":{"line":193,"column":57}},"40":{"start":{"line":196,"column":18},"end":{"line":200,"column":5}},"41":{"start":{"line":197,"column":23},"end":{"line":197,"column":70}},"42":{"start":{"line":198,"column":23},"end":{"line":198,"column":58}},"43":{"start":{"line":199,"column":8},"end":{"line":199,"column":71}},"44":{"start":{"line":199,"column":65},"end":{"line":199,"column":69}},"45":{"start":{"line":202,"column":22},"end":{"line":221,"column":5}},"46":{"start":{"line":203,"column":21},"end":{"line":203,"column":23}},"47":{"start":{"line":204,"column":8},"end":{"line":219,"column":9}},"48":{"start":{"line":205,"column":12},"end":{"line":218,"column":14}},"49":{"start":{"line":220,"column":8},"end":{"line":220,"column":22}},"50":{"start":{"line":223,"column":21},"end":{"line":234,"column":5}},"51":{"start":{"line":224,"column":30},"end":{"line":224,"column":52}},"52":{"start":{"line":225,"column":8},"end":{"line":228,"column":11}},"53":{"start":{"line":229,"column":8},"end":{"line":232,"column":11}},"54":{"start":{"line":233,"column":8},"end":{"line":233,"column":33}},"55":{"start":{"line":236,"column":24},"end":{"line":244,"column":5}},"56":{"start":{"line":237,"column":30},"end":{"line":237,"column":52}},"57":{"start":{"line":238,"column":8},"end":{"line":238,"column":38}},"58":{"start":{"line":239,"column":8},"end":{"line":242,"column":11}},"59":{"start":{"line":243,"column":8},"end":{"line":243,"column":33}},"60":{"start":{"line":246,"column":18},"end":{"line":260,"column":5}},"61":{"start":{"line":247,"column":8},"end":{"line":255,"column":11}},"62":{"start":{"line":256,"column":8},"end":{"line":256,"column":68}},"63":{"start":{"line":257,"column":8},"end":{"line":259,"column":11}},"64":{"start":{"line":263,"column":8},"end":{"line":263,"column":51}},"65":{"start":{"line":263,"column":32},"end":{"line":263,"column":51}},"66":{"start":{"line":264,"column":8},"end":{"line":306,"column":10}}},"fnMap":{"0":{"name":"(anonymous_0)","decl":{"start":{"line":17,"column":4},"end":{"line":17,"column":5}},"loc":{"start":{"line":17,"column":23},"end":{"line":37,"column":5}},"line":17},"1":{"name":"(anonymous_1)","decl":{"start":{"line":41,"column":4},"end":{"line":41,"column":5}},"loc":{"start":{"line":41,"column":30},"end":{"line":56,"column":5}},"line":41},"2":{"name":"(anonymous_2)","decl":{"start":{"line":58,"column":20},"end":{"line":58,"column":21}},"loc":{"start":{"line":58,"column":37},"end":{"line":64,"column":5}},"line":58},"3":{"name":"(anonymous_3)","decl":{"start":{"line":66,"column":26},"end":{"line":66,"column":27}},"loc":{"start":{"line":66,"column":43},"end":{"line":78,"column":5}},"line":66},"4":{"name":"(anonymous_4)","decl":{"start":{"line":80,"column":31},"end":{"line":80,"column":32}},"loc":{"start":{"line":80,"column":48},"end":{"line":93,"column":5}},"line":80},"5":{"name":"(anonymous_5)","decl":{"start":{"line":95,"column":24},"end":{"line":95,"column":25}},"loc":{"start":{"line":95,"column":30},"end":{"line":103,"column":5}},"line":95},"6":{"name":"(anonymous_6)","decl":{"start":{"line":105,"column":25},"end":{"line":105,"column":26}},"loc":{"start":{"line":105,"column":42},"end":{"line":116,"column":5}},"line":105},"7":{"name":"(anonymous_7)","decl":{"start":{"line":118,"column":25},"end":{"line":118,"column":26}},"loc":{"start":{"line":118,"column":42},"end":{"line":127,"column":5}},"line":118},"8":{"name":"(anonymous_8)","decl":{"start":{"line":129,"column":16},"end":{"line":129,"column":17}},"loc":{"start":{"line":129,"column":22},"end":{"line":188,"column":5}},"line":129},"9":{"name":"(anonymous_9)","decl":{"start":{"line":190,"column":17},"end":{"line":190,"column":18}},"loc":{"start":{"line":190,"column":23},"end":{"line":194,"column":5}},"line":190},"10":{"name":"(anonymous_10)","decl":{"start":{"line":193,"column":43},"end":{"line":193,"column":44}},"loc":{"start":{"line":193,"column":53},"end":{"line":193,"column":57}},"line":193},"11":{"name":"(anonymous_11)","decl":{"start":{"line":196,"column":18},"end":{"line":196,"column":19}},"loc":{"start":{"line":196,"column":24},"end":{"line":200,"column":5}},"line":196},"12":{"name":"(anonymous_12)","decl":{"start":{"line":199,"column":55},"end":{"line":199,"column":56}},"loc":{"start":{"line":199,"column":65},"end":{"line":199,"column":69}},"line":199},"13":{"name":"(anonymous_13)","decl":{"start":{"line":202,"column":22},"end":{"line":202,"column":23}},"loc":{"start":{"line":202,"column":28},"end":{"line":221,"column":5}},"line":202},"14":{"name":"(anonymous_14)","decl":{"start":{"line":223,"column":21},"end":{"line":223,"column":22}},"loc":{"start":{"line":223,"column":27},"end":{"line":234,"column":5}},"line":223},"15":{"name":"(anonymous_15)","decl":{"start":{"line":236,"column":24},"end":{"line":236,"column":25}},"loc":{"start":{"line":236,"column":32},"end":{"line":244,"column":5}},"line":236},"16":{"name":"(anonymous_16)","decl":{"start":{"line":246,"column":18},"end":{"line":246,"column":19}},"loc":{"start":{"line":246,"column":35},"end":{"line":260,"column":5}},"line":246},"17":{"name":"(anonymous_17)","decl":{"start":{"line":262,"column":4},"end":{"line":262,"column":5}},"loc":{"start":{"line":262,"column":13},"end":{"line":307,"column":5}},"line":262}},"branchMap":{"0":{"loc":{"start":{"line":46,"column":16},"end":{"line":46,"column":77}},"type":"cond-expr","locations":[{"start":{"line":46,"column":38},"end":{"line":46,"column":64}},{"start":{"line":46,"column":67},"end":{"line":46,"column":77}}],"line":46},"1":{"loc":{"start":{"line":97,"column":12},"end":{"line":101,"column":13}},"type":"if","locations":[{"start":{"line":97,"column":12},"end":{"line":101,"column":13}},{"start":{},"end":{}}],"line":97},"2":{"loc":{"start":{"line":263,"column":8},"end":{"line":263,"column":51}},"type":"if","locations":[{"start":{"line":263,"column":8},"end":{"line":263,"column":51}},{"start":{},"end":{}}],"line":263}},"s":{"0":0,"1":0,"2":0,"3":0,"4":0,"5":0,"6":0,"7":0,"8":0,"9":0,"10":0,"11":0,"12":0,"13":0,"14":0,"15":0,"16":0,"17":0,"18":0,"19":0,"20":0,"21":0,"22":0,"23":0,"24":0,"25":0,"26":0,"27":0,"28":0,"29":0,"30":0,"31":0,"32":0,"33":0,"34":0,"35":0,"36":0,"37":0,"38":0,"39":0,"40":0,"41":0,"42":0,"43":0,"44":0,"45":0,"46":0,"47":0,"48":0,"49":0,"50":0,"51":0,"52":0,"53":0,"54":0,"55":0,"56":0,"57":0,"58":0,"59":0,"60":0,"61":0,"62":0,"63":0,"64":0,"65":0,"66":0},"f":{"0":0,"1":0,"2":0,"3":0,"4":0,"5":0,"6":0,"7":0,"8":0,"9":0,"10":0,"11":0,"12":0,"13":0,"14":0,"15":0,"16":0,"17":0},"b":{"0":[0,0],"1":[0,0],"2":[0,0]},"_coverageSchema":"1a1c01bbd47fc00a2c39e90264f33305004495a9","hash":"dcc4421df9e46ed83a12a57919643ad6fd205a4f"}
,"/Users/joanneng/Desktop/it_project/COMP30022-frontend/src/pages/auth/EnterEmail.js": {"path":"/Users/joanneng/Desktop/it_project/COMP30022-frontend/src/pages/auth/EnterEmail.js","statementMap":{"0":{"start":{"line":8,"column":8},"end":{"line":8,"column":21}},"1":{"start":{"line":9,"column":8},"end":{"line":13,"column":10}},"2":{"start":{"line":16,"column":20},"end":{"line":23,"column":5}},"3":{"start":{"line":17,"column":8},"end":{"line":17,"column":73}},"4":{"start":{"line":18,"column":21},"end":{"line":18,"column":78}},"5":{"start":{"line":19,"column":8},"end":{"line":22,"column":11}},"6":{"start":{"line":26,"column":8},"end":{"line":64,"column":10}},"7":{"start":{"line":54,"column":28},"end":{"line":57,"column":29}}},"fnMap":{"0":{"name":"(anonymous_0)","decl":{"start":{"line":7,"column":4},"end":{"line":7,"column":5}},"loc":{"start":{"line":7,"column":23},"end":{"line":14,"column":5}},"line":7},"1":{"name":"(anonymous_1)","decl":{"start":{"line":16,"column":20},"end":{"line":16,"column":21}},"loc":{"start":{"line":16,"column":37},"end":{"line":23,"column":5}},"line":16},"2":{"name":"(anonymous_2)","decl":{"start":{"line":25,"column":4},"end":{"line":25,"column":5}},"loc":{"start":{"line":25,"column":13},"end":{"line":65,"column":5}},"line":25},"3":{"name":"(anonymous_3)","decl":{"start":{"line":53,"column":33},"end":{"line":53,"column":34}},"loc":{"start":{"line":54,"column":28},"end":{"line":57,"column":29}},"line":54}},"branchMap":{},"s":{"0":6,"1":6,"2":6,"3":52,"4":52,"5":52,"6":110,"7":0},"f":{"0":6,"1":52,"2":110,"3":0},"b":{},"_coverageSchema":"1a1c01bbd47fc00a2c39e90264f33305004495a9","hash":"e5250900926659c37558be28af2f900823e4bc3b"}
,"/Users/joanneng/Desktop/it_project/COMP30022-frontend/src/pages/auth/Login.js": {"path":"/Users/joanneng/Desktop/it_project/COMP30022-frontend/src/pages/auth/Login.js","statementMap":{"0":{"start":{"line":7,"column":19},"end":{"line":7,"column":21}},"1":{"start":{"line":9,"column":8},"end":{"line":9,"column":21}},"2":{"start":{"line":10,"column":8},"end":{"line":20,"column":10}},"3":{"start":{"line":23,"column":25},"end":{"line":30,"column":5}},"4":{"start":{"line":24,"column":8},"end":{"line":24,"column":73}},"5":{"start":{"line":25,"column":23},"end":{"line":25,"column":74}},"6":{"start":{"line":26,"column":8},"end":{"line":29,"column":11}},"7":{"start":{"line":32,"column":28},"end":{"line":43,"column":5}},"8":{"start":{"line":33,"column":8},"end":{"line":33,"column":73}},"9":{"start":{"line":34,"column":8},"end":{"line":42,"column":9}},"10":{"start":{"line":35,"column":12},"end":{"line":37,"column":15}},"11":{"start":{"line":39,"column":12},"end":{"line":41,"column":15}},"12":{"start":{"line":45,"column":14},"end":{"line":47,"column":5}},"13":{"start":{"line":46,"column":8},"end":{"line":46,"column":65}},"14":{"start":{"line":49,"column":18},"end":{"line":51,"column":5}},"15":{"start":{"line":50,"column":8},"end":{"line":50,"column":36}},"16":{"start":{"line":54,"column":18},"end":{"line":69,"column":5}},"17":{"start":{"line":55,"column":23},"end":{"line":58,"column":10}},"18":{"start":{"line":59,"column":8},"end":{"line":68,"column":9}},"19":{"start":{"line":60,"column":12},"end":{"line":60,"column":53}},"20":{"start":{"line":61,"column":12},"end":{"line":61,"column":66}},"21":{"start":{"line":62,"column":12},"end":{"line":62,"column":68}},"22":{"start":{"line":63,"column":12},"end":{"line":63,"column":47}},"23":{"start":{"line":65,"column":12},"end":{"line":67,"column":15}},"24":{"start":{"line":72,"column":8},"end":{"line":117,"column":10}}},"fnMap":{"0":{"name":"(anonymous_0)","decl":{"start":{"line":8,"column":4},"end":{"line":8,"column":5}},"loc":{"start":{"line":8,"column":23},"end":{"line":21,"column":5}},"line":8},"1":{"name":"(anonymous_1)","decl":{"start":{"line":23,"column":25},"end":{"line":23,"column":26}},"loc":{"start":{"line":23,"column":42},"end":{"line":30,"column":5}},"line":23},"2":{"name":"(anonymous_2)","decl":{"start":{"line":32,"column":28},"end":{"line":32,"column":29}},"loc":{"start":{"line":32,"column":45},"end":{"line":43,"column":5}},"line":32},"3":{"name":"(anonymous_3)","decl":{"start":{"line":45,"column":14},"end":{"line":45,"column":15}},"loc":{"start":{"line":45,"column":20},"end":{"line":47,"column":5}},"line":45},"4":{"name":"(anonymous_4)","decl":{"start":{"line":49,"column":18},"end":{"line":49,"column":19}},"loc":{"start":{"line":49,"column":35},"end":{"line":51,"column":5}},"line":49},"5":{"name":"(anonymous_5)","decl":{"start":{"line":54,"column":18},"end":{"line":54,"column":19}},"loc":{"start":{"line":54,"column":35},"end":{"line":69,"column":5}},"line":54},"6":{"name":"(anonymous_6)","decl":{"start":{"line":71,"column":4},"end":{"line":71,"column":5}},"loc":{"start":{"line":71,"column":13},"end":{"line":118,"column":5}},"line":71}},"branchMap":{"0":{"loc":{"start":{"line":34,"column":8},"end":{"line":42,"column":9}},"type":"if","locations":[{"start":{"line":34,"column":8},"end":{"line":42,"column":9}},{"start":{"line":38,"column":15},"end":{"line":42,"column":9}}],"line":34},"1":{"loc":{"start":{"line":46,"column":15},"end":{"line":46,"column":64}},"type":"binary-expr","locations":[{"start":{"line":46,"column":15},"end":{"line":46,"column":36}},{"start":{"line":46,"column":40},"end":{"line":46,"column":64}}],"line":46},"2":{"loc":{"start":{"line":59,"column":8},"end":{"line":68,"column":9}},"type":"if","locations":[{"start":{"line":59,"column":8},"end":{"line":68,"column":9}},{"start":{"line":64,"column":15},"end":{"line":68,"column":9}}],"line":59}},"s":{"0":2,"1":6,"2":6,"3":6,"4":13,"5":13,"6":13,"7":6,"8":26,"9":26,"10":26,"11":0,"12":6,"13":84,"14":6,"15":0,"16":6,"17":0,"18":0,"19":0,"20":0,"21":0,"22":0,"23":0,"24":84},"f":{"0":6,"1":13,"2":26,"3":84,"4":0,"5":0,"6":84},"b":{"0":[26,0],"1":[84,45],"2":[0,0]},"_coverageSchema":"1a1c01bbd47fc00a2c39e90264f33305004495a9","hash":"f72e6e45e36ff3f361e7ef56c03ca018f3949692"}
,"/Users/joanneng/Desktop/it_project/COMP30022-frontend/src/pages/auth/SignUp.js": {"path":"/Users/joanneng/Desktop/it_project/COMP30022-frontend/src/pages/auth/SignUp.js","statementMap":{"0":{"start":{"line":8,"column":8},"end":{"line":8,"column":21}},"1":{"start":{"line":9,"column":8},"end":{"line":28,"column":10}},"2":{"start":{"line":31,"column":25},"end":{"line":38,"column":5}},"3":{"start":{"line":32,"column":8},"end":{"line":32,"column":73}},"4":{"start":{"line":33,"column":21},"end":{"line":33,"column":78}},"5":{"start":{"line":34,"column":8},"end":{"line":37,"column":11}},"6":{"start":{"line":40,"column":24},"end":{"line":49,"column":5}},"7":{"start":{"line":41,"column":8},"end":{"line":41,"column":73}},"8":{"start":{"line":42,"column":20},"end":{"line":42,"column":47}},"9":{"start":{"line":43,"column":20},"end":{"line":43,"column":47}},"10":{"start":{"line":44,"column":21},"end":{"line":44,"column":79}},"11":{"start":{"line":45,"column":8},"end":{"line":48,"column":11}},"12":{"start":{"line":51,"column":28},"end":{"line":67,"column":5}},"13":{"start":{"line":52,"column":8},"end":{"line":52,"column":73}},"14":{"start":{"line":53,"column":21},"end":{"line":53,"column":77}},"15":{"start":{"line":54,"column":8},"end":{"line":57,"column":11}},"16":{"start":{"line":59,"column":12},"end":{"line":62,"column":13}},"17":{"start":{"line":63,"column":8},"end":{"line":66,"column":11}},"18":{"start":{"line":69,"column":35},"end":{"line":79,"column":5}},"19":{"start":{"line":70,"column":8},"end":{"line":70,"column":73}},"20":{"start":{"line":71,"column":21},"end":{"line":74,"column":9}},"21":{"start":{"line":75,"column":8},"end":{"line":78,"column":11}},"22":{"start":{"line":81,"column":14},"end":{"line":89,"column":5}},"23":{"start":{"line":82,"column":8},"end":{"line":88,"column":10}},"24":{"start":{"line":91,"column":18},"end":{"line":93,"column":5}},"25":{"start":{"line":92,"column":8},"end":{"line":92,"column":36}},"26":{"start":{"line":95,"column":18},"end":{"line":114,"column":5}},"27":{"start":{"line":97,"column":23},"end":{"line":102,"column":10}},"28":{"start":{"line":103,"column":8},"end":{"line":113,"column":9}},"29":{"start":{"line":104,"column":12},"end":{"line":104,"column":53}},"30":{"start":{"line":105,"column":12},"end":{"line":105,"column":66}},"31":{"start":{"line":106,"column":12},"end":{"line":106,"column":68}},"32":{"start":{"line":107,"column":12},"end":{"line":107,"column":47}},"33":{"start":{"line":109,"column":12},"end":{"line":112,"column":15}},"34":{"start":{"line":117,"column":8},"end":{"line":192,"column":10}}},"fnMap":{"0":{"name":"(anonymous_0)","decl":{"start":{"line":7,"column":4},"end":{"line":7,"column":5}},"loc":{"start":{"line":7,"column":23},"end":{"line":29,"column":5}},"line":7},"1":{"name":"(anonymous_1)","decl":{"start":{"line":31,"column":25},"end":{"line":31,"column":26}},"loc":{"start":{"line":31,"column":42},"end":{"line":38,"column":5}},"line":31},"2":{"name":"(anonymous_2)","decl":{"start":{"line":40,"column":24},"end":{"line":40,"column":25}},"loc":{"start":{"line":40,"column":41},"end":{"line":49,"column":5}},"line":40},"3":{"name":"(anonymous_3)","decl":{"start":{"line":51,"column":28},"end":{"line":51,"column":29}},"loc":{"start":{"line":51,"column":45},"end":{"line":67,"column":5}},"line":51},"4":{"name":"(anonymous_4)","decl":{"start":{"line":69,"column":35},"end":{"line":69,"column":36}},"loc":{"start":{"line":69,"column":52},"end":{"line":79,"column":5}},"line":69},"5":{"name":"(anonymous_5)","decl":{"start":{"line":81,"column":14},"end":{"line":81,"column":15}},"loc":{"start":{"line":81,"column":20},"end":{"line":89,"column":5}},"line":81},"6":{"name":"(anonymous_6)","decl":{"start":{"line":91,"column":18},"end":{"line":91,"column":19}},"loc":{"start":{"line":91,"column":35},"end":{"line":93,"column":5}},"line":91},"7":{"name":"(anonymous_7)","decl":{"start":{"line":95,"column":18},"end":{"line":95,"column":19}},"loc":{"start":{"line":95,"column":35},"end":{"line":114,"column":5}},"line":95},"8":{"name":"(anonymous_8)","decl":{"start":{"line":116,"column":4},"end":{"line":116,"column":5}},"loc":{"start":{"line":116,"column":13},"end":{"line":193,"column":5}},"line":116}},"branchMap":{"0":{"loc":{"start":{"line":83,"column":12},"end":{"line":87,"column":43}},"type":"binary-expr","locations":[{"start":{"line":83,"column":12},"end":{"line":83,"column":33}},{"start":{"line":84,"column":12},"end":{"line":84,"column":37}},{"start":{"line":85,"column":12},"end":{"line":85,"column":36}},{"start":{"line":86,"column":12},"end":{"line":86,"column":36}},{"start":{"line":87,"column":12},"end":{"line":87,"column":43}}],"line":83},"1":{"loc":{"start":{"line":103,"column":8},"end":{"line":113,"column":9}},"type":"if","locations":[{"start":{"line":103,"column":8},"end":{"line":113,"column":9}},{"start":{"line":108,"column":15},"end":{"line":113,"column":9}}],"line":103},"2":{"loc":{"start":{"line":103,"column":12},"end":{"line":103,"column":40}},"type":"binary-expr","locations":[{"start":{"line":103,"column":12},"end":{"line":103,"column":20}},{"start":{"line":103,"column":24},"end":{"line":103,"column":40}}],"line":103}},"s":{"0":6,"1":6,"2":6,"3":0,"4":0,"5":0,"6":6,"7":38,"8":38,"9":38,"10":38,"11":38,"12":6,"13":28,"14":28,"15":28,"16":28,"17":28,"18":6,"19":28,"20":28,"21":28,"22":6,"23":222,"24":6,"25":0,"26":6,"27":0,"28":0,"29":0,"30":0,"31":0,"32":0,"33":0,"34":222},"f":{"0":6,"1":0,"2":38,"3":28,"4":28,"5":222,"6":0,"7":0,"8":222},"b":{"0":[222,222,196,158,64],"1":[0,0],"2":[0,0]},"_coverageSchema":"1a1c01bbd47fc00a2c39e90264f33305004495a9","hash":"fd8099f58ecc298483405acb999307d49998ca6f"}
}
