TN:
SF:src/apis/authApi.js
FN:6,(anonymous_0)
FN:21,(anonymous_1)
FN:44,(anonymous_2)
FNF:3
FNH:0
FNDA:0,(anonymous_0)
FNDA:0,(anonymous_1)
FNDA:0,(anonymous_2)
DA:1,1
DA:6,1
DA:7,0
DA:8,0
DA:17,0
DA:18,0
DA:21,1
DA:22,0
DA:23,0
DA:30,0
DA:39,0
DA:40,0
DA:41,0
DA:44,1
DA:45,0
DA:46,0
DA:47,0
DA:59,0
DA:60,0
LF:19
LH:4
BRF:0
BRH:0
end_of_record
TN:
SF:src/apis/profileApi.js
FN:8,(anonymous_0)
FN:30,(anonymous_1)
FN:45,(anonymous_2)
FN:70,(anonymous_3)
FN:85,(anonymous_4)
FNF:5
FNH:0
FNDA:0,(anonymous_0)
FNDA:0,(anonymous_1)
FNDA:0,(anonymous_2)
FNDA:0,(anonymous_3)
FNDA:0,(anonymous_4)
DA:1,1
DA:3,1
DA:4,1
DA:5,1
DA:8,1
DA:9,0
DA:18,0
DA:19,0
DA:20,0
DA:21,0
DA:22,0
DA:23,0
DA:24,0
DA:25,0
DA:26,0
DA:27,0
DA:30,1
DA:31,0
DA:40,0
DA:41,0
DA:42,0
DA:45,1
DA:46,0
DA:47,0
DA:48,0
DA:49,0
DA:50,0
DA:51,0
DA:52,0
DA:53,0
DA:54,0
DA:55,0
DA:56,0
DA:57,0
DA:65,0
DA:66,0
DA:67,0
DA:70,1
DA:71,0
DA:72,0
DA:81,0
DA:82,0
DA:85,1
DA:86,0
DA:87,0
DA:88,0
DA:90,0
DA:102,0
LF:48
LH:9
BRDA:56,0,0,0
BRDA:56,0,1,0
BRF:2
BRH:0
end_of_record
TN:
SF:src/components/InputField.js
FN:16,(anonymous_0)
FN:20,(anonymous_1)
FNF:2
FNH:2
FNDA:94,(anonymous_0)
FNDA:1110,(anonymous_1)
DA:16,30
DA:17,94
DA:21,1110
LF:3
LH:3
BRF:0
BRH:0
end_of_record
TN:
SF:src/controllers/AuthController.js
FN:6,(anonymous_0)
FN:26,(anonymous_1)
FN:38,(anonymous_2)
FN:68,(anonymous_3)
FN:80,(anonymous_4)
FN:101,(anonymous_5)
FN:114,(anonymous_6)
FNF:7
FNH:3
FNDA:0,(anonymous_0)
FNDA:38,(anonymous_1)
FNDA:28,(anonymous_2)
FNDA:56,(anonymous_3)
FNDA:0,(anonymous_4)
FNDA:0,(anonymous_5)
FNDA:0,(anonymous_6)
DA:6,1
DA:9,0
DA:10,0
DA:11,0
DA:13,0
DA:14,0
DA:17,0
DA:18,0
DA:19,0
DA:20,0
DA:23,0
DA:26,1
DA:28,38
DA:29,38
DA:30,38
DA:32,0
DA:33,0
DA:35,38
DA:38,1
DA:40,28
DA:41,28
DA:42,28
DA:57,28
DA:58,16
DA:59,16
DA:61,12
DA:63,12
DA:65,28
DA:68,1
DA:70,56
DA:71,28
DA:72,28
DA:74,28
DA:75,28
DA:77,56
DA:80,1
DA:82,0
DA:83,0
DA:84,0
DA:86,0
DA:87,0
DA:90,0
DA:91,0
DA:92,0
DA:93,0
DA:96,0
DA:101,1
DA:102,0
DA:103,0
DA:104,0
DA:105,0
DA:106,0
DA:107,0
DA:109,0
DA:111,0
DA:114,1
DA:115,0
DA:116,0
DA:117,0
DA:118,0
DA:119,0
LF:61
LH:26
BRDA:6,0,0,0
BRDA:9,1,0,0
BRDA:9,1,1,0
BRDA:17,2,0,0
BRDA:17,2,1,0
BRDA:18,3,0,0
BRDA:18,3,1,0
BRDA:28,4,0,38
BRDA:28,4,1,0
BRDA:57,5,0,16
BRDA:57,5,1,12
BRDA:70,6,0,28
BRDA:70,6,1,28
BRDA:80,7,0,0
BRDA:82,8,0,0
BRDA:82,8,1,0
BRDA:90,9,0,0
BRDA:90,9,1,0
BRDA:91,10,0,0
BRDA:91,10,1,0
BRDA:106,11,0,0
BRDA:106,11,1,0
BRF:22
BRH:5
end_of_record
TN:
SF:src/pages/auth/SignUp.js
FN:7,(anonymous_0)
FN:31,(anonymous_1)
FN:40,(anonymous_2)
FN:51,(anonymous_3)
FN:69,(anonymous_4)
FN:81,(anonymous_5)
FN:91,(anonymous_6)
FN:95,(anonymous_7)
FN:116,(anonymous_8)
FNF:9
FNH:6
FNDA:6,(anonymous_0)
FNDA:0,(anonymous_1)
FNDA:38,(anonymous_2)
FNDA:28,(anonymous_3)
FNDA:28,(anonymous_4)
FNDA:222,(anonymous_5)
FNDA:0,(anonymous_6)
FNDA:0,(anonymous_7)
FNDA:222,(anonymous_8)
DA:8,6
DA:9,6
DA:31,6
DA:32,0
DA:33,0
DA:34,0
DA:40,6
DA:41,38
DA:42,38
DA:43,38
DA:44,38
DA:45,38
DA:51,6
DA:52,28
DA:53,28
DA:54,28
DA:59,28
DA:63,28
DA:69,6
DA:70,28
DA:71,28
DA:75,28
DA:81,6
DA:82,222
DA:91,6
DA:92,0
DA:95,6
DA:97,0
DA:103,0
DA:104,0
DA:105,0
DA:106,0
DA:107,0
DA:109,0
DA:117,222
LF:35
LH:24
BRDA:83,0,0,222
BRDA:83,0,1,222
BRDA:83,0,2,196
BRDA:83,0,3,158
BRDA:83,0,4,64
BRDA:103,1,0,0
BRDA:103,1,1,0
BRDA:103,2,0,0
BRDA:103,2,1,0
BRF:9
BRH:5
end_of_record
